{"/home/y-hayasaki/work/morse/v9/src/main.ts": {"path":"/home/y-hayasaki/work/morse/v9/src/main.ts","all":true,"statementMap":{"8":{"start":{"line":9,"column":0},"end":{"line":9,"column":39}},"9":{"start":{"line":10,"column":0},"end":{"line":10,"column":29}},"14":{"start":{"line":15,"column":0},"end":{"line":15,"column":16}},"17":{"start":{"line":18,"column":0},"end":{"line":18,"column":16}},"18":{"start":{"line":19,"column":0},"end":{"line":19,"column":29}},"19":{"start":{"line":20,"column":0},"end":{"line":20,"column":24}},"20":{"start":{"line":21,"column":0},"end":{"line":21,"column":22}},"21":{"start":{"line":22,"column":0},"end":{"line":22,"column":2}},"26":{"start":{"line":27,"column":0},"end":{"line":27,"column":33}},"28":{"start":{"line":29,"column":0},"end":{"line":29,"column":44}},"29":{"start":{"line":30,"column":0},"end":{"line":30,"column":58}},"30":{"start":{"line":31,"column":0},"end":{"line":31,"column":25}},"31":{"start":{"line":32,"column":0},"end":{"line":32,"column":5}},"34":{"start":{"line":35,"column":0},"end":{"line":35,"column":48}},"35":{"start":{"line":36,"column":0},"end":{"line":36,"column":72}},"36":{"start":{"line":37,"column":0},"end":{"line":37,"column":35}},"37":{"start":{"line":38,"column":0},"end":{"line":38,"column":5}},"40":{"start":{"line":41,"column":0},"end":{"line":41,"column":50}},"41":{"start":{"line":42,"column":0},"end":{"line":42,"column":76}},"42":{"start":{"line":43,"column":0},"end":{"line":43,"column":37}},"43":{"start":{"line":44,"column":0},"end":{"line":44,"column":5}},"46":{"start":{"line":47,"column":0},"end":{"line":47,"column":49}},"47":{"start":{"line":48,"column":0},"end":{"line":48,"column":71}},"48":{"start":{"line":49,"column":0},"end":{"line":49,"column":33}},"49":{"start":{"line":50,"column":0},"end":{"line":50,"column":5}},"52":{"start":{"line":53,"column":0},"end":{"line":53,"column":44}},"53":{"start":{"line":54,"column":0},"end":{"line":54,"column":61}},"54":{"start":{"line":55,"column":0},"end":{"line":55,"column":28}},"55":{"start":{"line":56,"column":0},"end":{"line":56,"column":5}},"58":{"start":{"line":59,"column":0},"end":{"line":59,"column":49}},"59":{"start":{"line":60,"column":0},"end":{"line":60,"column":71}},"60":{"start":{"line":61,"column":0},"end":{"line":61,"column":33}},"61":{"start":{"line":62,"column":0},"end":{"line":62,"column":5}},"62":{"start":{"line":63,"column":0},"end":{"line":63,"column":2}},"63":{"start":{"line":64,"column":0},"end":{"line":64,"column":1}},"66":{"start":{"line":67,"column":0},"end":{"line":67,"column":53}},"67":{"start":{"line":68,"column":0},"end":{"line":68,"column":16}},"68":{"start":{"line":69,"column":0},"end":{"line":69,"column":3}}},"s":{"8":0,"9":0,"14":0,"17":0,"18":0,"19":0,"20":0,"21":0,"26":0,"28":0,"29":0,"30":0,"31":0,"34":0,"35":0,"36":0,"37":0,"40":0,"41":0,"42":0,"43":0,"46":0,"47":0,"48":0,"49":0,"52":0,"53":0,"54":0,"55":0,"58":0,"59":0,"60":0,"61":0,"62":0,"63":0,"66":0,"67":0,"68":0},"branchMap":{"0":{"type":"branch","line":1,"loc":{"start":{"line":1,"column":124},"end":{"line":69,"column":-25}},"locations":[{"start":{"line":1,"column":124},"end":{"line":69,"column":-25}}]}},"b":{"0":[1]},"fnMap":{"0":{"name":"(empty-report)","decl":{"start":{"line":1,"column":124},"end":{"line":69,"column":-25}},"loc":{"start":{"line":1,"column":124},"end":{"line":69,"column":-25}},"line":1}},"f":{"0":1}}
,"/home/y-hayasaki/work/morse/v9/src/core/audio-system.ts": {"path":"/home/y-hayasaki/work/morse/v9/src/core/audio-system.ts","all":false,"statementMap":{"15":{"start":{"line":16,"column":0},"end":{"line":16,"column":26}},"16":{"start":{"line":17,"column":0},"end":{"line":17,"column":51}},"17":{"start":{"line":18,"column":0},"end":{"line":18,"column":58}},"18":{"start":{"line":19,"column":0},"end":{"line":19,"column":46}},"19":{"start":{"line":20,"column":0},"end":{"line":20,"column":37}},"22":{"start":{"line":23,"column":0},"end":{"line":23,"column":83}},"23":{"start":{"line":24,"column":0},"end":{"line":24,"column":29}},"24":{"start":{"line":25,"column":0},"end":{"line":25,"column":24}},"25":{"start":{"line":26,"column":0},"end":{"line":26,"column":16}},"26":{"start":{"line":27,"column":0},"end":{"line":27,"column":3}},"32":{"start":{"line":33,"column":0},"end":{"line":33,"column":38}},"33":{"start":{"line":34,"column":0},"end":{"line":34,"column":29}},"34":{"start":{"line":35,"column":0},"end":{"line":35,"column":92}},"35":{"start":{"line":36,"column":0},"end":{"line":36,"column":5}},"36":{"start":{"line":37,"column":0},"end":{"line":37,"column":50}},"37":{"start":{"line":38,"column":0},"end":{"line":38,"column":33}},"38":{"start":{"line":39,"column":0},"end":{"line":39,"column":5}},"39":{"start":{"line":40,"column":0},"end":{"line":40,"column":3}},"44":{"start":{"line":45,"column":0},"end":{"line":45,"column":24}},"46":{"start":{"line":47,"column":0},"end":{"line":47,"column":3}},"51":{"start":{"line":52,"column":0},"end":{"line":52,"column":58}},"52":{"start":{"line":53,"column":0},"end":{"line":53,"column":54}},"53":{"start":{"line":54,"column":0},"end":{"line":54,"column":3}},"58":{"start":{"line":59,"column":0},"end":{"line":59,"column":61}},"59":{"start":{"line":60,"column":0},"end":{"line":60,"column":30}},"60":{"start":{"line":61,"column":0},"end":{"line":61,"column":35}},"62":{"start":{"line":63,"column":0},"end":{"line":63,"column":9}},"63":{"start":{"line":64,"column":0},"end":{"line":64,"column":62}},"64":{"start":{"line":65,"column":0},"end":{"line":65,"column":54}},"66":{"start":{"line":67,"column":0},"end":{"line":67,"column":35}},"67":{"start":{"line":68,"column":0},"end":{"line":68,"column":54}},"69":{"start":{"line":70,"column":0},"end":{"line":70,"column":59}},"70":{"start":{"line":71,"column":0},"end":{"line":71,"column":31}},"72":{"start":{"line":73,"column":0},"end":{"line":73,"column":48}},"73":{"start":{"line":74,"column":0},"end":{"line":74,"column":42}},"74":{"start":{"line":75,"column":0},"end":{"line":75,"column":42}},"75":{"start":{"line":76,"column":0},"end":{"line":76,"column":78}},"76":{"start":{"line":77,"column":0},"end":{"line":77,"column":87}},"77":{"start":{"line":78,"column":0},"end":{"line":78,"column":71}},"79":{"start":{"line":80,"column":0},"end":{"line":80,"column":27}},"80":{"start":{"line":81,"column":0},"end":{"line":81,"column":46}},"81":{"start":{"line":82,"column":0},"end":{"line":82,"column":21}},"82":{"start":{"line":83,"column":0},"end":{"line":83,"column":37}},"83":{"start":{"line":84,"column":0},"end":{"line":84,"column":5}},"84":{"start":{"line":85,"column":0},"end":{"line":85,"column":3}},"89":{"start":{"line":90,"column":0},"end":{"line":90,"column":31}},"90":{"start":{"line":91,"column":0},"end":{"line":91,"column":30}},"91":{"start":{"line":92,"column":0},"end":{"line":92,"column":35}},"93":{"start":{"line":94,"column":0},"end":{"line":94,"column":9}},"95":{"start":{"line":96,"column":0},"end":{"line":96,"column":32}},"97":{"start":{"line":98,"column":0},"end":{"line":98,"column":62}},"98":{"start":{"line":99,"column":0},"end":{"line":99,"column":54}},"100":{"start":{"line":101,"column":0},"end":{"line":101,"column":35}},"101":{"start":{"line":102,"column":0},"end":{"line":102,"column":54}},"103":{"start":{"line":104,"column":0},"end":{"line":104,"column":59}},"104":{"start":{"line":105,"column":0},"end":{"line":105,"column":31}},"106":{"start":{"line":107,"column":0},"end":{"line":107,"column":48}},"107":{"start":{"line":108,"column":0},"end":{"line":108,"column":43}},"108":{"start":{"line":109,"column":0},"end":{"line":109,"column":79}},"110":{"start":{"line":111,"column":0},"end":{"line":111,"column":28}},"112":{"start":{"line":113,"column":0},"end":{"line":113,"column":42}},"113":{"start":{"line":114,"column":0},"end":{"line":114,"column":34}},"114":{"start":{"line":115,"column":0},"end":{"line":115,"column":21}},"115":{"start":{"line":116,"column":0},"end":{"line":116,"column":40}},"116":{"start":{"line":117,"column":0},"end":{"line":117,"column":5}},"117":{"start":{"line":118,"column":0},"end":{"line":118,"column":3}},"122":{"start":{"line":123,"column":0},"end":{"line":123,"column":30}},"123":{"start":{"line":124,"column":0},"end":{"line":124,"column":35}},"125":{"start":{"line":126,"column":0},"end":{"line":126,"column":9}},"126":{"start":{"line":127,"column":0},"end":{"line":127,"column":55}},"127":{"start":{"line":128,"column":0},"end":{"line":128,"column":50}},"128":{"start":{"line":129,"column":0},"end":{"line":129,"column":57}},"129":{"start":{"line":130,"column":0},"end":{"line":130,"column":79}},"130":{"start":{"line":131,"column":0},"end":{"line":131,"column":70}},"131":{"start":{"line":132,"column":0},"end":{"line":132,"column":49}},"132":{"start":{"line":133,"column":0},"end":{"line":133,"column":38}},"133":{"start":{"line":134,"column":0},"end":{"line":134,"column":32}},"134":{"start":{"line":135,"column":0},"end":{"line":135,"column":7}},"135":{"start":{"line":136,"column":0},"end":{"line":136,"column":21}},"136":{"start":{"line":137,"column":0},"end":{"line":137,"column":40}},"137":{"start":{"line":138,"column":0},"end":{"line":138,"column":5}},"138":{"start":{"line":139,"column":0},"end":{"line":139,"column":3}},"143":{"start":{"line":144,"column":0},"end":{"line":144,"column":58}},"144":{"start":{"line":145,"column":0},"end":{"line":145,"column":37}},"145":{"start":{"line":146,"column":0},"end":{"line":146,"column":29}},"147":{"start":{"line":148,"column":0},"end":{"line":148,"column":30}},"148":{"start":{"line":149,"column":0},"end":{"line":149,"column":41}},"150":{"start":{"line":151,"column":0},"end":{"line":151,"column":26}},"152":{"start":{"line":153,"column":0},"end":{"line":153,"column":44}},"153":{"start":{"line":154,"column":0},"end":{"line":154,"column":82}},"155":{"start":{"line":156,"column":0},"end":{"line":156,"column":32}},"156":{"start":{"line":157,"column":0},"end":{"line":157,"column":21}},"157":{"start":{"line":158,"column":0},"end":{"line":158,"column":26}},"158":{"start":{"line":159,"column":0},"end":{"line":159,"column":22}},"159":{"start":{"line":160,"column":0},"end":{"line":160,"column":26}},"162":{"start":{"line":163,"column":0},"end":{"line":163,"column":47}},"163":{"start":{"line":164,"column":0},"end":{"line":164,"column":26}},"165":{"start":{"line":166,"column":0},"end":{"line":166,"column":49}},"167":{"start":{"line":168,"column":0},"end":{"line":168,"column":62}},"168":{"start":{"line":169,"column":0},"end":{"line":169,"column":26}},"169":{"start":{"line":170,"column":0},"end":{"line":170,"column":23}},"170":{"start":{"line":171,"column":0},"end":{"line":171,"column":34}},"171":{"start":{"line":172,"column":0},"end":{"line":172,"column":33}},"172":{"start":{"line":173,"column":0},"end":{"line":173,"column":30}},"173":{"start":{"line":174,"column":0},"end":{"line":174,"column":35}},"174":{"start":{"line":175,"column":0},"end":{"line":175,"column":34}},"175":{"start":{"line":176,"column":0},"end":{"line":176,"column":30}},"176":{"start":{"line":177,"column":0},"end":{"line":177,"column":34}},"177":{"start":{"line":178,"column":0},"end":{"line":178,"column":30}},"178":{"start":{"line":179,"column":0},"end":{"line":179,"column":34}},"179":{"start":{"line":180,"column":0},"end":{"line":180,"column":7}},"180":{"start":{"line":181,"column":0},"end":{"line":181,"column":5}},"182":{"start":{"line":183,"column":0},"end":{"line":183,"column":63}},"183":{"start":{"line":184,"column":0},"end":{"line":184,"column":55}},"185":{"start":{"line":186,"column":0},"end":{"line":186,"column":38}},"186":{"start":{"line":187,"column":0},"end":{"line":187,"column":27}},"188":{"start":{"line":189,"column":0},"end":{"line":189,"column":22}},"189":{"start":{"line":190,"column":0},"end":{"line":190,"column":3}},"194":{"start":{"line":195,"column":0},"end":{"line":195,"column":23}},"195":{"start":{"line":196,"column":0},"end":{"line":196,"column":27}},"196":{"start":{"line":197,"column":0},"end":{"line":197,"column":3}},"201":{"start":{"line":202,"column":0},"end":{"line":202,"column":42}},"202":{"start":{"line":203,"column":0},"end":{"line":203,"column":29}},"203":{"start":{"line":204,"column":0},"end":{"line":204,"column":3}},"208":{"start":{"line":209,"column":0},"end":{"line":209,"column":23}},"209":{"start":{"line":210,"column":0},"end":{"line":210,"column":32}},"210":{"start":{"line":211,"column":0},"end":{"line":211,"column":3}},"215":{"start":{"line":216,"column":0},"end":{"line":216,"column":35}},"216":{"start":{"line":217,"column":0},"end":{"line":217,"column":60}},"217":{"start":{"line":218,"column":0},"end":{"line":218,"column":3}},"222":{"start":{"line":223,"column":0},"end":{"line":223,"column":26}},"223":{"start":{"line":224,"column":0},"end":{"line":224,"column":35}},"224":{"start":{"line":225,"column":0},"end":{"line":225,"column":3}},"229":{"start":{"line":230,"column":0},"end":{"line":230,"column":41}},"230":{"start":{"line":231,"column":0},"end":{"line":231,"column":71}},"231":{"start":{"line":232,"column":0},"end":{"line":232,"column":3}},"236":{"start":{"line":237,"column":0},"end":{"line":237,"column":20}},"237":{"start":{"line":238,"column":0},"end":{"line":238,"column":35}},"238":{"start":{"line":239,"column":0},"end":{"line":239,"column":3}},"243":{"start":{"line":244,"column":0},"end":{"line":244,"column":29}},"244":{"start":{"line":245,"column":0},"end":{"line":245,"column":55}},"245":{"start":{"line":246,"column":0},"end":{"line":246,"column":3}},"250":{"start":{"line":251,"column":0},"end":{"line":251,"column":24}},"251":{"start":{"line":252,"column":0},"end":{"line":252,"column":9}},"252":{"start":{"line":253,"column":0},"end":{"line":253,"column":79}},"253":{"start":{"line":254,"column":0},"end":{"line":254,"column":21}},"254":{"start":{"line":255,"column":0},"end":{"line":255,"column":39}},"255":{"start":{"line":256,"column":0},"end":{"line":256,"column":5}},"256":{"start":{"line":257,"column":0},"end":{"line":257,"column":3}},"261":{"start":{"line":262,"column":0},"end":{"line":262,"column":24}},"262":{"start":{"line":263,"column":0},"end":{"line":263,"column":9}},"263":{"start":{"line":264,"column":0},"end":{"line":264,"column":62}},"264":{"start":{"line":265,"column":0},"end":{"line":265,"column":18}},"265":{"start":{"line":266,"column":0},"end":{"line":266,"column":67}},"266":{"start":{"line":267,"column":0},"end":{"line":267,"column":7}},"267":{"start":{"line":268,"column":0},"end":{"line":268,"column":21}},"268":{"start":{"line":269,"column":0},"end":{"line":269,"column":41}},"269":{"start":{"line":270,"column":0},"end":{"line":270,"column":5}},"270":{"start":{"line":271,"column":0},"end":{"line":271,"column":3}},"271":{"start":{"line":272,"column":0},"end":{"line":272,"column":1}}},"s":{"15":1,"16":1,"17":1,"18":1,"19":1,"22":1,"23":100,"24":100,"25":100,"26":100,"32":1,"33":87,"34":39,"35":39,"36":87,"37":0,"38":0,"39":87,"44":1,"46":100,"51":1,"52":4,"53":4,"58":1,"59":38,"60":38,"62":38,"63":38,"64":38,"66":38,"67":38,"69":38,"70":38,"72":38,"73":38,"74":38,"75":38,"76":38,"77":38,"79":38,"80":38,"81":38,"82":31,"83":31,"84":38,"89":1,"90":42,"91":42,"93":42,"95":42,"97":42,"98":42,"100":42,"101":42,"103":42,"104":42,"106":42,"107":42,"108":42,"110":42,"112":42,"113":42,"114":42,"115":6,"116":6,"117":42,"122":1,"123":106,"125":94,"126":106,"127":35,"128":35,"129":35,"130":35,"131":35,"132":35,"133":35,"134":35,"135":106,"136":0,"137":0,"138":106,"143":1,"144":10,"145":10,"147":7,"148":10,"150":7,"152":10,"153":10,"155":10,"156":10,"157":10,"158":10,"159":10,"162":10,"163":10,"165":10,"167":10,"168":33,"169":33,"170":20,"171":20,"172":33,"173":7,"174":7,"175":13,"176":5,"177":6,"178":1,"179":1,"180":33,"182":7,"183":7,"185":7,"186":7,"188":7,"189":10,"194":1,"195":50,"196":50,"201":1,"202":10,"203":10,"208":1,"209":11,"210":11,"215":1,"216":8,"217":8,"222":1,"223":14,"224":14,"229":1,"230":10,"231":10,"236":1,"237":9,"238":9,"243":1,"244":8,"245":8,"250":1,"251":6,"252":6,"253":6,"254":1,"255":1,"256":6,"261":1,"262":100,"263":100,"264":100,"265":4,"266":4,"267":100,"268":1,"269":1,"270":100,"271":1},"branchMap":{"0":{"type":"branch","line":23,"loc":{"start":{"line":23,"column":2},"end":{"line":27,"column":3}},"locations":[{"start":{"line":23,"column":2},"end":{"line":27,"column":3}}]},"1":{"type":"branch","line":33,"loc":{"start":{"line":33,"column":10},"end":{"line":40,"column":3}},"locations":[{"start":{"line":33,"column":10},"end":{"line":40,"column":3}}]},"2":{"type":"branch","line":34,"loc":{"start":{"line":34,"column":28},"end":{"line":36,"column":5}},"locations":[{"start":{"line":34,"column":28},"end":{"line":36,"column":5}}]},"3":{"type":"branch","line":35,"loc":{"start":{"line":35,"column":38},"end":{"line":35,"column":90}},"locations":[{"start":{"line":35,"column":38},"end":{"line":35,"column":90}}]},"4":{"type":"branch","line":37,"loc":{"start":{"line":37,"column":49},"end":{"line":39,"column":5}},"locations":[{"start":{"line":37,"column":49},"end":{"line":39,"column":5}}]},"5":{"type":"branch","line":45,"loc":{"start":{"line":45,"column":10},"end":{"line":47,"column":3}},"locations":[{"start":{"line":45,"column":10},"end":{"line":47,"column":3}}]},"6":{"type":"branch","line":52,"loc":{"start":{"line":52,"column":2},"end":{"line":54,"column":3}},"locations":[{"start":{"line":52,"column":2},"end":{"line":54,"column":3}}]},"7":{"type":"branch","line":59,"loc":{"start":{"line":59,"column":2},"end":{"line":85,"column":3}},"locations":[{"start":{"line":59,"column":2},"end":{"line":85,"column":3}}]},"8":{"type":"branch","line":61,"loc":{"start":{"line":61,"column":28},"end":{"line":61,"column":35}},"locations":[{"start":{"line":61,"column":28},"end":{"line":61,"column":35}}]},"9":{"type":"branch","line":82,"loc":{"start":{"line":82,"column":4},"end":{"line":84,"column":5}},"locations":[{"start":{"line":82,"column":4},"end":{"line":84,"column":5}}]},"10":{"type":"branch","line":90,"loc":{"start":{"line":90,"column":2},"end":{"line":118,"column":3}},"locations":[{"start":{"line":90,"column":2},"end":{"line":118,"column":3}}]},"11":{"type":"branch","line":92,"loc":{"start":{"line":92,"column":28},"end":{"line":92,"column":35}},"locations":[{"start":{"line":92,"column":28},"end":{"line":92,"column":35}}]},"12":{"type":"branch","line":115,"loc":{"start":{"line":115,"column":4},"end":{"line":117,"column":5}},"locations":[{"start":{"line":115,"column":4},"end":{"line":117,"column":5}}]},"13":{"type":"branch","line":123,"loc":{"start":{"line":123,"column":2},"end":{"line":139,"column":3}},"locations":[{"start":{"line":123,"column":2},"end":{"line":139,"column":3}}]},"14":{"type":"branch","line":124,"loc":{"start":{"line":124,"column":28},"end":{"line":124,"column":35}},"locations":[{"start":{"line":124,"column":28},"end":{"line":124,"column":35}}]},"15":{"type":"branch","line":124,"loc":{"start":{"line":124,"column":28},"end":{"line":127,"column":36}},"locations":[{"start":{"line":124,"column":28},"end":{"line":127,"column":36}}]},"16":{"type":"branch","line":127,"loc":{"start":{"line":127,"column":15},"end":{"line":127,"column":54}},"locations":[{"start":{"line":127,"column":15},"end":{"line":127,"column":54}}]},"17":{"type":"branch","line":127,"loc":{"start":{"line":127,"column":54},"end":{"line":135,"column":7}},"locations":[{"start":{"line":127,"column":54},"end":{"line":135,"column":7}}]},"18":{"type":"branch","line":136,"loc":{"start":{"line":136,"column":4},"end":{"line":138,"column":5}},"locations":[{"start":{"line":136,"column":4},"end":{"line":138,"column":5}}]},"19":{"type":"branch","line":144,"loc":{"start":{"line":144,"column":2},"end":{"line":190,"column":3}},"locations":[{"start":{"line":144,"column":2},"end":{"line":190,"column":3}}]},"20":{"type":"branch","line":145,"loc":{"start":{"line":145,"column":24},"end":{"line":145,"column":37}},"locations":[{"start":{"line":145,"column":24},"end":{"line":145,"column":37}}]},"21":{"type":"branch","line":145,"loc":{"start":{"line":145,"column":31},"end":{"line":146,"column":23}},"locations":[{"start":{"line":145,"column":31},"end":{"line":146,"column":23}}]},"22":{"type":"branch","line":146,"loc":{"start":{"line":146,"column":16},"end":{"line":146,"column":29}},"locations":[{"start":{"line":146,"column":16},"end":{"line":146,"column":29}}]},"23":{"type":"branch","line":146,"loc":{"start":{"line":146,"column":23},"end":{"line":149,"column":35}},"locations":[{"start":{"line":146,"column":23},"end":{"line":149,"column":35}}]},"24":{"type":"branch","line":149,"loc":{"start":{"line":149,"column":28},"end":{"line":149,"column":41}},"locations":[{"start":{"line":149,"column":28},"end":{"line":149,"column":41}}]},"25":{"type":"branch","line":149,"loc":{"start":{"line":149,"column":35},"end":{"line":153,"column":41}},"locations":[{"start":{"line":149,"column":35},"end":{"line":153,"column":41}}]},"26":{"type":"branch","line":153,"loc":{"start":{"line":153,"column":34},"end":{"line":153,"column":44}},"locations":[{"start":{"line":153,"column":34},"end":{"line":153,"column":44}}]},"27":{"type":"branch","line":154,"loc":{"start":{"line":154,"column":48},"end":{"line":154,"column":73}},"locations":[{"start":{"line":154,"column":48},"end":{"line":154,"column":73}}]},"28":{"type":"branch","line":168,"loc":{"start":{"line":168,"column":30},"end":{"line":168,"column":56}},"locations":[{"start":{"line":168,"column":30},"end":{"line":168,"column":56}}]},"29":{"type":"branch","line":168,"loc":{"start":{"line":168,"column":61},"end":{"line":181,"column":5}},"locations":[{"start":{"line":168,"column":61},"end":{"line":181,"column":5}}]},"30":{"type":"branch","line":170,"loc":{"start":{"line":170,"column":22},"end":{"line":173,"column":17}},"locations":[{"start":{"line":170,"column":22},"end":{"line":173,"column":17}}]},"31":{"type":"branch","line":173,"loc":{"start":{"line":173,"column":6},"end":{"line":180,"column":7}},"locations":[{"start":{"line":173,"column":6},"end":{"line":180,"column":7}}]},"32":{"type":"branch","line":173,"loc":{"start":{"line":173,"column":29},"end":{"line":176,"column":17}},"locations":[{"start":{"line":173,"column":29},"end":{"line":176,"column":17}}]},"33":{"type":"branch","line":176,"loc":{"start":{"line":176,"column":6},"end":{"line":180,"column":7}},"locations":[{"start":{"line":176,"column":6},"end":{"line":180,"column":7}}]},"34":{"type":"branch","line":176,"loc":{"start":{"line":176,"column":29},"end":{"line":178,"column":17}},"locations":[{"start":{"line":176,"column":29},"end":{"line":178,"column":17}}]},"35":{"type":"branch","line":178,"loc":{"start":{"line":178,"column":6},"end":{"line":180,"column":7}},"locations":[{"start":{"line":178,"column":6},"end":{"line":180,"column":7}}]},"36":{"type":"branch","line":181,"loc":{"start":{"line":181,"column":4},"end":{"line":189,"column":22}},"locations":[{"start":{"line":181,"column":4},"end":{"line":189,"column":22}}]},"37":{"type":"branch","line":184,"loc":{"start":{"line":184,"column":22},"end":{"line":184,"column":53}},"locations":[{"start":{"line":184,"column":22},"end":{"line":184,"column":53}}]},"38":{"type":"branch","line":195,"loc":{"start":{"line":195,"column":2},"end":{"line":197,"column":3}},"locations":[{"start":{"line":195,"column":2},"end":{"line":197,"column":3}}]},"39":{"type":"branch","line":202,"loc":{"start":{"line":202,"column":2},"end":{"line":204,"column":3}},"locations":[{"start":{"line":202,"column":2},"end":{"line":204,"column":3}}]},"40":{"type":"branch","line":209,"loc":{"start":{"line":209,"column":2},"end":{"line":211,"column":3}},"locations":[{"start":{"line":209,"column":2},"end":{"line":211,"column":3}}]},"41":{"type":"branch","line":216,"loc":{"start":{"line":216,"column":2},"end":{"line":218,"column":3}},"locations":[{"start":{"line":216,"column":2},"end":{"line":218,"column":3}}]},"42":{"type":"branch","line":223,"loc":{"start":{"line":223,"column":2},"end":{"line":225,"column":3}},"locations":[{"start":{"line":223,"column":2},"end":{"line":225,"column":3}}]},"43":{"type":"branch","line":230,"loc":{"start":{"line":230,"column":2},"end":{"line":232,"column":3}},"locations":[{"start":{"line":230,"column":2},"end":{"line":232,"column":3}}]},"44":{"type":"branch","line":237,"loc":{"start":{"line":237,"column":2},"end":{"line":239,"column":3}},"locations":[{"start":{"line":237,"column":2},"end":{"line":239,"column":3}}]},"45":{"type":"branch","line":238,"loc":{"start":{"line":238,"column":25},"end":{"line":238,"column":35}},"locations":[{"start":{"line":238,"column":25},"end":{"line":238,"column":35}}]},"46":{"type":"branch","line":244,"loc":{"start":{"line":244,"column":2},"end":{"line":246,"column":3}},"locations":[{"start":{"line":244,"column":2},"end":{"line":246,"column":3}}]},"47":{"type":"branch","line":251,"loc":{"start":{"line":251,"column":2},"end":{"line":257,"column":3}},"locations":[{"start":{"line":251,"column":2},"end":{"line":257,"column":3}}]},"48":{"type":"branch","line":254,"loc":{"start":{"line":254,"column":4},"end":{"line":256,"column":5}},"locations":[{"start":{"line":254,"column":4},"end":{"line":256,"column":5}}]},"49":{"type":"branch","line":262,"loc":{"start":{"line":262,"column":2},"end":{"line":271,"column":3}},"locations":[{"start":{"line":262,"column":2},"end":{"line":271,"column":3}}]},"50":{"type":"branch","line":265,"loc":{"start":{"line":265,"column":17},"end":{"line":267,"column":7}},"locations":[{"start":{"line":265,"column":17},"end":{"line":267,"column":7}}]},"51":{"type":"branch","line":268,"loc":{"start":{"line":268,"column":4},"end":{"line":270,"column":5}},"locations":[{"start":{"line":268,"column":4},"end":{"line":270,"column":5}}]}},"b":{"0":[100],"1":[87],"2":[39],"3":[0],"4":[0],"5":[100],"6":[4],"7":[38],"8":[0],"9":[31],"10":[42],"11":[0],"12":[6],"13":[106],"14":[12],"15":[94],"16":[35],"17":[35],"18":[0],"19":[10],"20":[1],"21":[9],"22":[2],"23":[7],"24":[0],"25":[7],"26":[0],"27":[7],"28":[33],"29":[33],"30":[20],"31":[13],"32":[7],"33":[6],"34":[5],"35":[1],"36":[7],"37":[7],"38":[50],"39":[10],"40":[11],"41":[8],"42":[14],"43":[10],"44":[9],"45":[0],"46":[8],"47":[6],"48":[1],"49":[100],"50":[4],"51":[1]},"fnMap":{"0":{"name":"AudioSystem","decl":{"start":{"line":23,"column":2},"end":{"line":27,"column":3}},"loc":{"start":{"line":23,"column":2},"end":{"line":27,"column":3}},"line":23},"1":{"name":"ensureAudioContext","decl":{"start":{"line":33,"column":10},"end":{"line":40,"column":3}},"loc":{"start":{"line":33,"column":10},"end":{"line":40,"column":3}},"line":33},"2":{"name":"init","decl":{"start":{"line":45,"column":10},"end":{"line":47,"column":3}},"loc":{"start":{"line":45,"column":10},"end":{"line":47,"column":3}},"line":45},"3":{"name":"updateSettings","decl":{"start":{"line":52,"column":2},"end":{"line":54,"column":3}},"loc":{"start":{"line":52,"column":2},"end":{"line":54,"column":3}},"line":52},"4":{"name":"scheduleTone","decl":{"start":{"line":59,"column":2},"end":{"line":85,"column":3}},"loc":{"start":{"line":59,"column":2},"end":{"line":85,"column":3}},"line":59},"5":{"name":"startContinuousTone","decl":{"start":{"line":90,"column":2},"end":{"line":118,"column":3}},"loc":{"start":{"line":90,"column":2},"end":{"line":118,"column":3}},"line":90},"6":{"name":"stopContinuousTone","decl":{"start":{"line":123,"column":2},"end":{"line":139,"column":3}},"loc":{"start":{"line":123,"column":2},"end":{"line":139,"column":3}},"line":123},"7":{"name":"playMorseString","decl":{"start":{"line":144,"column":2},"end":{"line":190,"column":3}},"loc":{"start":{"line":144,"column":2},"end":{"line":190,"column":3}},"line":144},"8":{"name":"wasPlaying","decl":{"start":{"line":184,"column":22},"end":{"line":184,"column":53}},"loc":{"start":{"line":184,"column":22},"end":{"line":184,"column":53}},"line":184},"9":{"name":"stopPlaying","decl":{"start":{"line":195,"column":2},"end":{"line":197,"column":3}},"loc":{"start":{"line":195,"column":2},"end":{"line":197,"column":3}},"line":195},"10":{"name":"getAudioContext","decl":{"start":{"line":202,"column":2},"end":{"line":204,"column":3}},"loc":{"start":{"line":202,"column":2},"end":{"line":204,"column":3}},"line":202},"11":{"name":"getVolume","decl":{"start":{"line":209,"column":2},"end":{"line":211,"column":3}},"loc":{"start":{"line":209,"column":2},"end":{"line":211,"column":3}},"line":209},"12":{"name":"setVolume","decl":{"start":{"line":216,"column":2},"end":{"line":218,"column":3}},"loc":{"start":{"line":216,"column":2},"end":{"line":218,"column":3}},"line":216},"13":{"name":"getFrequency","decl":{"start":{"line":223,"column":2},"end":{"line":225,"column":3}},"loc":{"start":{"line":223,"column":2},"end":{"line":225,"column":3}},"line":223},"14":{"name":"setFrequency","decl":{"start":{"line":230,"column":2},"end":{"line":232,"column":3}},"loc":{"start":{"line":230,"column":2},"end":{"line":232,"column":3}},"line":230},"15":{"name":"getWPM","decl":{"start":{"line":237,"column":2},"end":{"line":239,"column":3}},"loc":{"start":{"line":237,"column":2},"end":{"line":239,"column":3}},"line":237},"16":{"name":"setWPM","decl":{"start":{"line":244,"column":2},"end":{"line":246,"column":3}},"loc":{"start":{"line":244,"column":2},"end":{"line":246,"column":3}},"line":244},"17":{"name":"saveSettings","decl":{"start":{"line":251,"column":2},"end":{"line":257,"column":3}},"loc":{"start":{"line":251,"column":2},"end":{"line":257,"column":3}},"line":251},"18":{"name":"loadSettings","decl":{"start":{"line":262,"column":2},"end":{"line":271,"column":3}},"loc":{"start":{"line":262,"column":2},"end":{"line":271,"column":3}},"line":262}},"f":{"0":100,"1":87,"2":100,"3":4,"4":38,"5":42,"6":106,"7":10,"8":7,"9":50,"10":10,"11":11,"12":8,"13":14,"14":10,"15":9,"16":8,"17":6,"18":100}}
,"/home/y-hayasaki/work/morse/v9/src/core/html-sanitizer.ts": {"path":"/home/y-hayasaki/work/morse/v9/src/core/html-sanitizer.ts","all":false,"statementMap":{"14":{"start":{"line":15,"column":0},"end":{"line":15,"column":50}},"15":{"start":{"line":16,"column":0},"end":{"line":16,"column":12}},"16":{"start":{"line":17,"column":0},"end":{"line":17,"column":25}},"17":{"start":{"line":18,"column":0},"end":{"line":18,"column":24}},"18":{"start":{"line":19,"column":0},"end":{"line":19,"column":24}},"19":{"start":{"line":20,"column":0},"end":{"line":20,"column":26}},"20":{"start":{"line":21,"column":0},"end":{"line":21,"column":27}},"21":{"start":{"line":22,"column":0},"end":{"line":22,"column":1}},"33":{"start":{"line":34,"column":0},"end":{"line":34,"column":56}},"34":{"start":{"line":35,"column":0},"end":{"line":35,"column":13}},"35":{"start":{"line":36,"column":0},"end":{"line":36,"column":25}},"36":{"start":{"line":37,"column":0},"end":{"line":37,"column":26}},"37":{"start":{"line":38,"column":0},"end":{"line":38,"column":26}},"38":{"start":{"line":39,"column":0},"end":{"line":39,"column":24}},"39":{"start":{"line":40,"column":0},"end":{"line":40,"column":25}},"40":{"start":{"line":41,"column":0},"end":{"line":41,"column":1}},"48":{"start":{"line":49,"column":0},"end":{"line":49,"column":49}},"50":{"start":{"line":51,"column":0},"end":{"line":51,"column":58}},"51":{"start":{"line":52,"column":0},"end":{"line":52,"column":43}},"52":{"start":{"line":53,"column":0},"end":{"line":53,"column":1}},"60":{"start":{"line":61,"column":0},"end":{"line":61,"column":56}},"61":{"start":{"line":62,"column":0},"end":{"line":62,"column":48}},"62":{"start":{"line":63,"column":0},"end":{"line":63,"column":1}}},"s":{"14":1,"15":24,"16":24,"17":24,"18":24,"19":24,"20":24,"21":24,"33":1,"34":12,"35":12,"36":12,"37":12,"38":12,"39":12,"40":12,"48":1,"50":16,"51":16,"52":16,"60":1,"61":7,"62":7},"branchMap":{"0":{"type":"branch","line":15,"loc":{"start":{"line":15,"column":7},"end":{"line":22,"column":1}},"locations":[{"start":{"line":15,"column":7},"end":{"line":22,"column":1}}]},"1":{"type":"branch","line":34,"loc":{"start":{"line":34,"column":7},"end":{"line":41,"column":1}},"locations":[{"start":{"line":34,"column":7},"end":{"line":41,"column":1}}]},"2":{"type":"branch","line":49,"loc":{"start":{"line":49,"column":7},"end":{"line":53,"column":1}},"locations":[{"start":{"line":49,"column":7},"end":{"line":53,"column":1}}]},"3":{"type":"branch","line":61,"loc":{"start":{"line":61,"column":7},"end":{"line":63,"column":1}},"locations":[{"start":{"line":61,"column":7},"end":{"line":63,"column":1}}]}},"b":{"0":[24],"1":[12],"2":[16],"3":[7]},"fnMap":{"0":{"name":"escapeHtml","decl":{"start":{"line":15,"column":7},"end":{"line":22,"column":1}},"loc":{"start":{"line":15,"column":7},"end":{"line":22,"column":1}},"line":15},"1":{"name":"escapeAttribute","decl":{"start":{"line":34,"column":7},"end":{"line":41,"column":1}},"loc":{"start":{"line":34,"column":7},"end":{"line":41,"column":1}},"line":34},"2":{"name":"isSafeUrl","decl":{"start":{"line":49,"column":7},"end":{"line":53,"column":1}},"loc":{"start":{"line":49,"column":7},"end":{"line":53,"column":1}},"line":49},"3":{"name":"escapeWithBreaks","decl":{"start":{"line":61,"column":7},"end":{"line":63,"column":1}},"loc":{"start":{"line":61,"column":7},"end":{"line":63,"column":1}},"line":61}},"f":{"0":24,"1":12,"2":16,"3":7}}
,"/home/y-hayasaki/work/morse/v9/src/core/morse-code.ts": {"path":"/home/y-hayasaki/work/morse/v9/src/core/morse-code.ts","all":false,"statementMap":{"9":{"start":{"line":10,"column":0},"end":{"line":10,"column":34}},"10":{"start":{"line":11,"column":0},"end":{"line":11,"column":73}},"11":{"start":{"line":12,"column":0},"end":{"line":12,"column":75}},"12":{"start":{"line":13,"column":0},"end":{"line":13,"column":73}},"13":{"start":{"line":14,"column":0},"end":{"line":14,"column":73}},"14":{"start":{"line":15,"column":0},"end":{"line":15,"column":27}},"15":{"start":{"line":16,"column":0},"end":{"line":16,"column":71}},"16":{"start":{"line":17,"column":0},"end":{"line":17,"column":71}},"17":{"start":{"line":18,"column":0},"end":{"line":18,"column":11}},"18":{"start":{"line":19,"column":0},"end":{"line":19,"column":16}},"19":{"start":{"line":20,"column":0},"end":{"line":20,"column":16}},"20":{"start":{"line":21,"column":0},"end":{"line":21,"column":16}},"21":{"start":{"line":22,"column":0},"end":{"line":22,"column":16}},"22":{"start":{"line":23,"column":0},"end":{"line":23,"column":16}},"23":{"start":{"line":24,"column":0},"end":{"line":24,"column":15}},"24":{"start":{"line":25,"column":0},"end":{"line":25,"column":16}},"25":{"start":{"line":26,"column":0},"end":{"line":26,"column":14}},"26":{"start":{"line":27,"column":0},"end":{"line":27,"column":16}},"27":{"start":{"line":28,"column":0},"end":{"line":28,"column":15}},"28":{"start":{"line":29,"column":0},"end":{"line":29,"column":16}},"29":{"start":{"line":30,"column":0},"end":{"line":30,"column":15}},"30":{"start":{"line":31,"column":0},"end":{"line":31,"column":16}},"31":{"start":{"line":32,"column":0},"end":{"line":32,"column":16}},"32":{"start":{"line":33,"column":0},"end":{"line":33,"column":16}},"33":{"start":{"line":34,"column":0},"end":{"line":34,"column":15}},"34":{"start":{"line":35,"column":0},"end":{"line":35,"column":2}},"39":{"start":{"line":40,"column":0},"end":{"line":40,"column":55}},"40":{"start":{"line":41,"column":0},"end":{"line":41,"column":70}},"41":{"start":{"line":42,"column":0},"end":{"line":42,"column":2}},"46":{"start":{"line":47,"column":0},"end":{"line":47,"column":24}},"50":{"start":{"line":51,"column":0},"end":{"line":51,"column":44}},"51":{"start":{"line":52,"column":0},"end":{"line":52,"column":41}},"54":{"start":{"line":55,"column":0},"end":{"line":55,"column":41}},"55":{"start":{"line":56,"column":0},"end":{"line":56,"column":31}},"56":{"start":{"line":57,"column":0},"end":{"line":57,"column":22}},"57":{"start":{"line":58,"column":0},"end":{"line":58,"column":14}},"59":{"start":{"line":60,"column":0},"end":{"line":60,"column":61}},"61":{"start":{"line":62,"column":0},"end":{"line":62,"column":36}},"62":{"start":{"line":63,"column":0},"end":{"line":63,"column":71}},"63":{"start":{"line":64,"column":0},"end":{"line":64,"column":92}},"64":{"start":{"line":65,"column":0},"end":{"line":65,"column":41}},"65":{"start":{"line":66,"column":0},"end":{"line":66,"column":7}},"68":{"start":{"line":69,"column":0},"end":{"line":69,"column":48}},"69":{"start":{"line":70,"column":0},"end":{"line":70,"column":80}},"70":{"start":{"line":71,"column":0},"end":{"line":71,"column":38}},"72":{"start":{"line":73,"column":0},"end":{"line":73,"column":41}},"73":{"start":{"line":74,"column":0},"end":{"line":74,"column":5}},"76":{"start":{"line":77,"column":0},"end":{"line":77,"column":39}},"77":{"start":{"line":78,"column":0},"end":{"line":78,"column":59}},"78":{"start":{"line":79,"column":0},"end":{"line":79,"column":93}},"79":{"start":{"line":80,"column":0},"end":{"line":80,"column":39}},"80":{"start":{"line":81,"column":0},"end":{"line":81,"column":5}},"82":{"start":{"line":83,"column":0},"end":{"line":83,"column":42}},"83":{"start":{"line":84,"column":0},"end":{"line":84,"column":3}},"88":{"start":{"line":89,"column":0},"end":{"line":89,"column":60}},"89":{"start":{"line":90,"column":0},"end":{"line":90,"column":21}},"90":{"start":{"line":91,"column":0},"end":{"line":91,"column":34}},"91":{"start":{"line":92,"column":0},"end":{"line":92,"column":24}},"92":{"start":{"line":93,"column":0},"end":{"line":93,"column":23}},"93":{"start":{"line":94,"column":0},"end":{"line":94,"column":37}},"94":{"start":{"line":95,"column":0},"end":{"line":95,"column":49}},"95":{"start":{"line":96,"column":0},"end":{"line":96,"column":7}},"96":{"start":{"line":97,"column":0},"end":{"line":97,"column":5}},"97":{"start":{"line":98,"column":0},"end":{"line":98,"column":19}},"98":{"start":{"line":99,"column":0},"end":{"line":99,"column":3}},"103":{"start":{"line":104,"column":0},"end":{"line":104,"column":34}},"104":{"start":{"line":105,"column":0},"end":{"line":105,"column":26}},"105":{"start":{"line":106,"column":0},"end":{"line":106,"column":3}},"110":{"start":{"line":111,"column":0},"end":{"line":111,"column":56}},"111":{"start":{"line":112,"column":0},"end":{"line":112,"column":46}},"112":{"start":{"line":113,"column":0},"end":{"line":113,"column":3}},"113":{"start":{"line":114,"column":0},"end":{"line":114,"column":1}}},"s":{"9":1,"10":1,"11":1,"12":1,"13":1,"14":1,"15":1,"16":1,"17":1,"18":1,"19":1,"20":1,"21":1,"22":1,"23":1,"24":1,"25":1,"26":1,"27":1,"28":1,"29":1,"30":1,"31":1,"32":1,"33":1,"34":1,"39":1,"40":1,"41":1,"46":1,"50":1,"51":49,"54":49,"55":49,"56":49,"57":49,"59":49,"61":6,"62":3,"63":3,"64":3,"65":3,"68":6,"69":6,"70":6,"72":6,"73":6,"76":49,"77":43,"78":43,"79":43,"80":43,"82":49,"83":49,"88":1,"89":61,"90":61,"91":105,"92":9,"93":105,"94":69,"95":69,"96":105,"97":61,"98":61,"103":1,"104":4,"105":4,"110":1,"111":10,"112":10,"113":1},"branchMap":{"0":{"type":"branch","line":41,"loc":{"start":{"line":41,"column":37},"end":{"line":41,"column":69}},"locations":[{"start":{"line":41,"column":37},"end":{"line":41,"column":69}}]},"1":{"type":"branch","line":51,"loc":{"start":{"line":51,"column":9},"end":{"line":84,"column":3}},"locations":[{"start":{"line":51,"column":9},"end":{"line":84,"column":3}}]},"2":{"type":"branch","line":60,"loc":{"start":{"line":60,"column":60},"end":{"line":74,"column":5}},"locations":[{"start":{"line":60,"column":60},"end":{"line":74,"column":5}}]},"3":{"type":"branch","line":62,"loc":{"start":{"line":62,"column":35},"end":{"line":66,"column":7}},"locations":[{"start":{"line":62,"column":35},"end":{"line":66,"column":7}}]},"4":{"type":"branch","line":77,"loc":{"start":{"line":77,"column":38},"end":{"line":81,"column":5}},"locations":[{"start":{"line":77,"column":38},"end":{"line":81,"column":5}}]},"5":{"type":"branch","line":64,"loc":{"start":{"line":64,"column":54},"end":{"line":64,"column":90}},"locations":[{"start":{"line":64,"column":54},"end":{"line":64,"column":90}}]},"6":{"type":"branch","line":64,"loc":{"start":{"line":64,"column":81},"end":{"line":64,"column":90}},"locations":[{"start":{"line":64,"column":81},"end":{"line":64,"column":90}}]},"7":{"type":"branch","line":70,"loc":{"start":{"line":70,"column":42},"end":{"line":70,"column":78}},"locations":[{"start":{"line":70,"column":42},"end":{"line":70,"column":78}}]},"8":{"type":"branch","line":70,"loc":{"start":{"line":70,"column":69},"end":{"line":70,"column":78}},"locations":[{"start":{"line":70,"column":69},"end":{"line":70,"column":78}}]},"9":{"type":"branch","line":79,"loc":{"start":{"line":79,"column":55},"end":{"line":79,"column":91}},"locations":[{"start":{"line":79,"column":55},"end":{"line":79,"column":91}}]},"10":{"type":"branch","line":79,"loc":{"start":{"line":79,"column":82},"end":{"line":79,"column":91}},"locations":[{"start":{"line":79,"column":82},"end":{"line":79,"column":91}}]},"11":{"type":"branch","line":83,"loc":{"start":{"line":83,"column":24},"end":{"line":83,"column":30}},"locations":[{"start":{"line":83,"column":24},"end":{"line":83,"column":30}}]},"12":{"type":"branch","line":89,"loc":{"start":{"line":89,"column":9},"end":{"line":99,"column":3}},"locations":[{"start":{"line":89,"column":9},"end":{"line":99,"column":3}}]},"13":{"type":"branch","line":91,"loc":{"start":{"line":91,"column":33},"end":{"line":97,"column":5}},"locations":[{"start":{"line":91,"column":33},"end":{"line":97,"column":5}}]},"14":{"type":"branch","line":92,"loc":{"start":{"line":92,"column":23},"end":{"line":94,"column":17}},"locations":[{"start":{"line":92,"column":23},"end":{"line":94,"column":17}}]},"15":{"type":"branch","line":94,"loc":{"start":{"line":94,"column":6},"end":{"line":96,"column":7}},"locations":[{"start":{"line":94,"column":6},"end":{"line":96,"column":7}}]},"16":{"type":"branch","line":94,"loc":{"start":{"line":94,"column":17},"end":{"line":94,"column":36}},"locations":[{"start":{"line":94,"column":17},"end":{"line":94,"column":36}}]},"17":{"type":"branch","line":94,"loc":{"start":{"line":94,"column":36},"end":{"line":96,"column":7}},"locations":[{"start":{"line":94,"column":36},"end":{"line":96,"column":7}}]},"18":{"type":"branch","line":95,"loc":{"start":{"line":95,"column":40},"end":{"line":95,"column":49}},"locations":[{"start":{"line":95,"column":40},"end":{"line":95,"column":49}}]},"19":{"type":"branch","line":104,"loc":{"start":{"line":104,"column":9},"end":{"line":106,"column":3}},"locations":[{"start":{"line":104,"column":9},"end":{"line":106,"column":3}}]},"20":{"type":"branch","line":111,"loc":{"start":{"line":111,"column":9},"end":{"line":113,"column":3}},"locations":[{"start":{"line":111,"column":9},"end":{"line":113,"column":3}}]}},"b":{"0":[159],"1":[49],"2":[6],"3":[3],"4":[43],"5":[35],"6":[0],"7":[12],"8":[0],"9":[98],"10":[1],"11":[52],"12":[61],"13":[105],"14":[9],"15":[96],"16":[69],"17":[69],"18":[3],"19":[4],"20":[10]},"fnMap":{"0":{"name":"textToMorse","decl":{"start":{"line":51,"column":9},"end":{"line":84,"column":3}},"loc":{"start":{"line":51,"column":9},"end":{"line":84,"column":3}},"line":51},"1":{"name":"morseSequencesToText","decl":{"start":{"line":89,"column":9},"end":{"line":99,"column":3}},"loc":{"start":{"line":89,"column":9},"end":{"line":99,"column":3}},"line":89},"2":{"name":"getMorseMap","decl":{"start":{"line":104,"column":9},"end":{"line":106,"column":3}},"loc":{"start":{"line":104,"column":9},"end":{"line":106,"column":3}},"line":104},"3":{"name":"charToMorse","decl":{"start":{"line":111,"column":9},"end":{"line":113,"column":3}},"loc":{"start":{"line":111,"column":9},"end":{"line":113,"column":3}},"line":111}},"f":{"0":49,"1":61,"2":4,"3":10}}
,"/home/y-hayasaki/work/morse/v9/src/core/router.ts": {"path":"/home/y-hayasaki/work/morse/v9/src/core/router.ts","all":true,"statementMap":{"5":{"start":{"line":6,"column":0},"end":{"line":6,"column":46}},"18":{"start":{"line":19,"column":0},"end":{"line":19,"column":21}},"19":{"start":{"line":20,"column":0},"end":{"line":20,"column":37}},"20":{"start":{"line":21,"column":0},"end":{"line":21,"column":57}},"21":{"start":{"line":22,"column":0},"end":{"line":22,"column":53}},"23":{"start":{"line":24,"column":0},"end":{"line":24,"column":16}},"25":{"start":{"line":26,"column":0},"end":{"line":26,"column":71}},"26":{"start":{"line":27,"column":0},"end":{"line":27,"column":2}},"31":{"start":{"line":32,"column":0},"end":{"line":32,"column":53}},"32":{"start":{"line":33,"column":0},"end":{"line":33,"column":34}},"33":{"start":{"line":34,"column":0},"end":{"line":34,"column":2}},"38":{"start":{"line":39,"column":0},"end":{"line":39,"column":31}},"39":{"start":{"line":40,"column":0},"end":{"line":40,"column":32}},"40":{"start":{"line":41,"column":0},"end":{"line":41,"column":2}},"45":{"start":{"line":46,"column":0},"end":{"line":46,"column":50}},"46":{"start":{"line":47,"column":0},"end":{"line":47,"column":66}},"49":{"start":{"line":50,"column":0},"end":{"line":50,"column":31}},"50":{"start":{"line":51,"column":0},"end":{"line":51,"column":34}},"51":{"start":{"line":52,"column":0},"end":{"line":52,"column":10}},"52":{"start":{"line":53,"column":0},"end":{"line":53,"column":3}},"54":{"start":{"line":55,"column":0},"end":{"line":55,"column":30}},"55":{"start":{"line":56,"column":0},"end":{"line":56,"column":2}},"60":{"start":{"line":61,"column":0},"end":{"line":61,"column":55}},"62":{"start":{"line":63,"column":0},"end":{"line":63,"column":31}},"63":{"start":{"line":64,"column":0},"end":{"line":64,"column":36}},"64":{"start":{"line":65,"column":0},"end":{"line":65,"column":33}},"65":{"start":{"line":66,"column":0},"end":{"line":66,"column":3}},"68":{"start":{"line":69,"column":0},"end":{"line":69,"column":45}},"69":{"start":{"line":70,"column":0},"end":{"line":70,"column":12}},"70":{"start":{"line":71,"column":0},"end":{"line":71,"column":22}},"71":{"start":{"line":72,"column":0},"end":{"line":72,"column":3}},"73":{"start":{"line":74,"column":0},"end":{"line":74,"column":26}},"76":{"start":{"line":77,"column":0},"end":{"line":77,"column":40}},"77":{"start":{"line":78,"column":0},"end":{"line":78,"column":16}},"78":{"start":{"line":79,"column":0},"end":{"line":79,"column":8}},"79":{"start":{"line":80,"column":0},"end":{"line":80,"column":45}},"80":{"start":{"line":81,"column":0},"end":{"line":81,"column":20}},"81":{"start":{"line":82,"column":0},"end":{"line":82,"column":57}},"82":{"start":{"line":83,"column":0},"end":{"line":83,"column":47}},"83":{"start":{"line":84,"column":0},"end":{"line":84,"column":4}},"84":{"start":{"line":85,"column":0},"end":{"line":85,"column":3}},"85":{"start":{"line":86,"column":0},"end":{"line":86,"column":2}},"90":{"start":{"line":91,"column":0},"end":{"line":91,"column":43}},"91":{"start":{"line":92,"column":0},"end":{"line":92,"column":45}},"92":{"start":{"line":93,"column":0},"end":{"line":93,"column":19}},"95":{"start":{"line":96,"column":0},"end":{"line":96,"column":42}},"97":{"start":{"line":98,"column":0},"end":{"line":98,"column":19}},"100":{"start":{"line":101,"column":0},"end":{"line":101,"column":25}},"104":{"start":{"line":105,"column":0},"end":{"line":105,"column":2}},"109":{"start":{"line":110,"column":0},"end":{"line":110,"column":26}},"110":{"start":{"line":111,"column":0},"end":{"line":111,"column":26}},"111":{"start":{"line":112,"column":0},"end":{"line":112,"column":2}},"112":{"start":{"line":113,"column":0},"end":{"line":113,"column":1}}},"s":{"5":0,"18":0,"19":0,"20":0,"21":0,"23":0,"25":0,"26":0,"31":0,"32":0,"33":0,"38":0,"39":0,"40":0,"45":0,"46":0,"49":0,"50":0,"51":0,"52":0,"54":0,"55":0,"60":0,"62":0,"63":0,"64":0,"65":0,"68":0,"69":0,"70":0,"71":0,"73":0,"76":0,"77":0,"78":0,"79":0,"80":0,"81":0,"82":0,"83":0,"84":0,"85":0,"90":0,"91":0,"92":0,"95":0,"97":0,"100":0,"104":0,"109":0,"110":0,"111":0,"112":0},"branchMap":{"0":{"type":"branch","line":1,"loc":{"start":{"line":1,"column":2198},"end":{"line":113,"column":1}},"locations":[{"start":{"line":1,"column":2198},"end":{"line":113,"column":1}}]}},"b":{"0":[1]},"fnMap":{"0":{"name":"(empty-report)","decl":{"start":{"line":1,"column":2198},"end":{"line":113,"column":1}},"loc":{"start":{"line":1,"column":2198},"end":{"line":113,"column":1}},"line":1}},"f":{"0":1}}
,"/home/y-hayasaki/work/morse/v9/src/core/settings.ts": {"path":"/home/y-hayasaki/work/morse/v9/src/core/settings.ts","all":false,"statementMap":{"12":{"start":{"line":13,"column":0},"end":{"line":13,"column":23}},"13":{"start":{"line":14,"column":0},"end":{"line":14,"column":50}},"14":{"start":{"line":15,"column":0},"end":{"line":15,"column":16}},"15":{"start":{"line":16,"column":0},"end":{"line":16,"column":19}},"16":{"start":{"line":17,"column":0},"end":{"line":17,"column":12}},"17":{"start":{"line":18,"column":0},"end":{"line":18,"column":20}},"18":{"start":{"line":19,"column":0},"end":{"line":19,"column":27}},"19":{"start":{"line":20,"column":0},"end":{"line":20,"column":4}},"21":{"start":{"line":22,"column":0},"end":{"line":22,"column":74}},"23":{"start":{"line":24,"column":0},"end":{"line":24,"column":69}},"24":{"start":{"line":25,"column":0},"end":{"line":25,"column":30}},"25":{"start":{"line":26,"column":0},"end":{"line":26,"column":3}},"27":{"start":{"line":28,"column":0},"end":{"line":28,"column":82}},"28":{"start":{"line":29,"column":0},"end":{"line":29,"column":31}},"29":{"start":{"line":30,"column":0},"end":{"line":30,"column":16}},"30":{"start":{"line":31,"column":0},"end":{"line":31,"column":3}},"32":{"start":{"line":33,"column":0},"end":{"line":33,"column":23}},"33":{"start":{"line":34,"column":0},"end":{"line":34,"column":9}},"34":{"start":{"line":35,"column":0},"end":{"line":35,"column":56}},"35":{"start":{"line":36,"column":0},"end":{"line":36,"column":18}},"36":{"start":{"line":37,"column":0},"end":{"line":37,"column":74}},"37":{"start":{"line":38,"column":0},"end":{"line":38,"column":7}},"38":{"start":{"line":39,"column":0},"end":{"line":39,"column":21}},"39":{"start":{"line":40,"column":0},"end":{"line":40,"column":55}},"40":{"start":{"line":41,"column":0},"end":{"line":41,"column":5}},"41":{"start":{"line":42,"column":0},"end":{"line":42,"column":3}},"43":{"start":{"line":44,"column":0},"end":{"line":44,"column":23}},"44":{"start":{"line":45,"column":0},"end":{"line":45,"column":9}},"45":{"start":{"line":46,"column":0},"end":{"line":46,"column":73}},"46":{"start":{"line":47,"column":0},"end":{"line":47,"column":21}},"47":{"start":{"line":48,"column":0},"end":{"line":48,"column":55}},"48":{"start":{"line":49,"column":0},"end":{"line":49,"column":5}},"49":{"start":{"line":50,"column":0},"end":{"line":50,"column":3}},"51":{"start":{"line":52,"column":0},"end":{"line":52,"column":33}},"52":{"start":{"line":53,"column":0},"end":{"line":53,"column":32}},"53":{"start":{"line":54,"column":0},"end":{"line":54,"column":3}},"55":{"start":{"line":56,"column":0},"end":{"line":56,"column":24}},"56":{"start":{"line":57,"column":0},"end":{"line":57,"column":48}},"57":{"start":{"line":58,"column":0},"end":{"line":58,"column":3}},"58":{"start":{"line":59,"column":0},"end":{"line":59,"column":1}}},"s":{"12":1,"13":3,"14":3,"15":3,"16":3,"17":3,"18":3,"19":3,"21":3,"23":3,"24":140,"25":140,"27":3,"28":48,"29":48,"30":48,"32":3,"33":49,"34":49,"35":49,"36":7,"37":7,"38":49,"39":1,"40":1,"41":49,"43":3,"44":56,"45":56,"46":56,"47":1,"48":1,"49":56,"51":3,"52":92,"53":92,"55":3,"56":74,"57":74,"58":3},"branchMap":{"0":{"type":"branch","line":13,"loc":{"start":{"line":13,"column":22},"end":{"line":59,"column":1}},"locations":[{"start":{"line":13,"column":22},"end":{"line":59,"column":1}}]},"1":{"type":"branch","line":24,"loc":{"start":{"line":24,"column":9},"end":{"line":26,"column":3}},"locations":[{"start":{"line":24,"column":9},"end":{"line":26,"column":3}}]},"2":{"type":"branch","line":28,"loc":{"start":{"line":28,"column":9},"end":{"line":31,"column":3}},"locations":[{"start":{"line":28,"column":9},"end":{"line":31,"column":3}}]},"3":{"type":"branch","line":33,"loc":{"start":{"line":33,"column":9},"end":{"line":42,"column":3}},"locations":[{"start":{"line":33,"column":9},"end":{"line":42,"column":3}}]},"4":{"type":"branch","line":36,"loc":{"start":{"line":36,"column":17},"end":{"line":38,"column":7}},"locations":[{"start":{"line":36,"column":17},"end":{"line":38,"column":7}}]},"5":{"type":"branch","line":39,"loc":{"start":{"line":39,"column":4},"end":{"line":41,"column":5}},"locations":[{"start":{"line":39,"column":4},"end":{"line":41,"column":5}}]},"6":{"type":"branch","line":44,"loc":{"start":{"line":44,"column":9},"end":{"line":50,"column":3}},"locations":[{"start":{"line":44,"column":9},"end":{"line":50,"column":3}}]},"7":{"type":"branch","line":47,"loc":{"start":{"line":47,"column":4},"end":{"line":49,"column":5}},"locations":[{"start":{"line":47,"column":4},"end":{"line":49,"column":5}}]},"8":{"type":"branch","line":52,"loc":{"start":{"line":52,"column":9},"end":{"line":54,"column":3}},"locations":[{"start":{"line":52,"column":9},"end":{"line":54,"column":3}}]},"9":{"type":"branch","line":56,"loc":{"start":{"line":56,"column":9},"end":{"line":58,"column":3}},"locations":[{"start":{"line":56,"column":9},"end":{"line":58,"column":3}}]}},"b":{"0":[3],"1":[140],"2":[48],"3":[49],"4":[7],"5":[1],"6":[56],"7":[1],"8":[92],"9":[74]},"fnMap":{"0":{"name":"<static_initializer>","decl":{"start":{"line":13,"column":22},"end":{"line":59,"column":1}},"loc":{"start":{"line":13,"column":22},"end":{"line":59,"column":1}},"line":13},"1":{"name":"get","decl":{"start":{"line":24,"column":9},"end":{"line":26,"column":3}},"loc":{"start":{"line":24,"column":9},"end":{"line":26,"column":3}},"line":24},"2":{"name":"set","decl":{"start":{"line":28,"column":9},"end":{"line":31,"column":3}},"loc":{"start":{"line":28,"column":9},"end":{"line":31,"column":3}},"line":28},"3":{"name":"load","decl":{"start":{"line":33,"column":9},"end":{"line":42,"column":3}},"loc":{"start":{"line":33,"column":9},"end":{"line":42,"column":3}},"line":33},"4":{"name":"save","decl":{"start":{"line":44,"column":9},"end":{"line":50,"column":3}},"loc":{"start":{"line":44,"column":9},"end":{"line":50,"column":3}},"line":44},"5":{"name":"getAll","decl":{"start":{"line":52,"column":9},"end":{"line":54,"column":3}},"loc":{"start":{"line":52,"column":9},"end":{"line":54,"column":3}},"line":52},"6":{"name":"reset","decl":{"start":{"line":56,"column":9},"end":{"line":58,"column":3}},"loc":{"start":{"line":56,"column":9},"end":{"line":58,"column":3}},"line":56}},"f":{"0":3,"1":140,"2":48,"3":49,"4":56,"5":92,"6":74}}
,"/home/y-hayasaki/work/morse/v9/src/modes/flashcard/main.ts": {"path":"/home/y-hayasaki/work/morse/v9/src/modes/flashcard/main.ts","all":true,"statementMap":{"4":{"start":{"line":5,"column":0},"end":{"line":5,"column":21}},"6":{"start":{"line":7,"column":0},"end":{"line":7,"column":54}},"7":{"start":{"line":8,"column":0},"end":{"line":8,"column":50}},"8":{"start":{"line":9,"column":0},"end":{"line":9,"column":55}},"44":{"start":{"line":45,"column":0},"end":{"line":45,"column":31}},"45":{"start":{"line":46,"column":0},"end":{"line":46,"column":40}},"46":{"start":{"line":47,"column":0},"end":{"line":47,"column":48}},"47":{"start":{"line":48,"column":0},"end":{"line":48,"column":47}},"48":{"start":{"line":49,"column":0},"end":{"line":49,"column":57}},"49":{"start":{"line":50,"column":0},"end":{"line":50,"column":43}},"50":{"start":{"line":51,"column":0},"end":{"line":51,"column":39}},"51":{"start":{"line":52,"column":0},"end":{"line":52,"column":49}},"52":{"start":{"line":53,"column":0},"end":{"line":53,"column":46}},"53":{"start":{"line":54,"column":0},"end":{"line":54,"column":34}},"56":{"start":{"line":57,"column":0},"end":{"line":57,"column":45}},"57":{"start":{"line":58,"column":0},"end":{"line":58,"column":34}},"58":{"start":{"line":59,"column":0},"end":{"line":59,"column":36}},"59":{"start":{"line":60,"column":0},"end":{"line":60,"column":75}},"60":{"start":{"line":61,"column":0},"end":{"line":61,"column":58}},"61":{"start":{"line":62,"column":0},"end":{"line":62,"column":63}},"62":{"start":{"line":63,"column":0},"end":{"line":63,"column":48}},"63":{"start":{"line":64,"column":0},"end":{"line":64,"column":75}},"65":{"start":{"line":66,"column":0},"end":{"line":66,"column":58}},"68":{"start":{"line":69,"column":0},"end":{"line":69,"column":44}},"69":{"start":{"line":70,"column":0},"end":{"line":70,"column":42}},"70":{"start":{"line":71,"column":0},"end":{"line":71,"column":40}},"71":{"start":{"line":72,"column":0},"end":{"line":72,"column":44}},"72":{"start":{"line":73,"column":0},"end":{"line":73,"column":56}},"75":{"start":{"line":76,"column":0},"end":{"line":76,"column":44}},"76":{"start":{"line":77,"column":0},"end":{"line":77,"column":88}},"77":{"start":{"line":78,"column":0},"end":{"line":78,"column":40}},"79":{"start":{"line":80,"column":0},"end":{"line":80,"column":16}},"80":{"start":{"line":81,"column":0},"end":{"line":81,"column":39}},"81":{"start":{"line":82,"column":0},"end":{"line":82,"column":22}},"82":{"start":{"line":83,"column":0},"end":{"line":83,"column":21}},"83":{"start":{"line":84,"column":0},"end":{"line":84,"column":23}},"84":{"start":{"line":85,"column":0},"end":{"line":85,"column":18}},"85":{"start":{"line":86,"column":0},"end":{"line":86,"column":2}},"90":{"start":{"line":91,"column":0},"end":{"line":91,"column":32}},"91":{"start":{"line":92,"column":0},"end":{"line":92,"column":7}},"93":{"start":{"line":94,"column":0},"end":{"line":94,"column":90}},"94":{"start":{"line":95,"column":0},"end":{"line":95,"column":78}},"95":{"start":{"line":96,"column":0},"end":{"line":96,"column":34}},"96":{"start":{"line":97,"column":0},"end":{"line":97,"column":4}},"99":{"start":{"line":100,"column":0},"end":{"line":100,"column":104}},"100":{"start":{"line":101,"column":0},"end":{"line":101,"column":128}},"101":{"start":{"line":102,"column":0},"end":{"line":102,"column":44}},"102":{"start":{"line":103,"column":0},"end":{"line":103,"column":4}},"105":{"start":{"line":106,"column":0},"end":{"line":106,"column":98}},"106":{"start":{"line":107,"column":0},"end":{"line":107,"column":126}},"107":{"start":{"line":108,"column":0},"end":{"line":108,"column":38}},"108":{"start":{"line":109,"column":0},"end":{"line":109,"column":4}},"109":{"start":{"line":110,"column":0},"end":{"line":110,"column":19}},"110":{"start":{"line":111,"column":0},"end":{"line":111,"column":54}},"111":{"start":{"line":112,"column":0},"end":{"line":112,"column":3}},"112":{"start":{"line":113,"column":0},"end":{"line":113,"column":2}},"117":{"start":{"line":118,"column":0},"end":{"line":118,"column":31}},"118":{"start":{"line":119,"column":0},"end":{"line":119,"column":7}},"119":{"start":{"line":120,"column":0},"end":{"line":120,"column":64}},"120":{"start":{"line":121,"column":0},"end":{"line":121,"column":19}},"121":{"start":{"line":122,"column":0},"end":{"line":122,"column":53}},"122":{"start":{"line":123,"column":0},"end":{"line":123,"column":3}},"123":{"start":{"line":124,"column":0},"end":{"line":124,"column":2}},"128":{"start":{"line":129,"column":0},"end":{"line":129,"column":40}},"129":{"start":{"line":130,"column":0},"end":{"line":130,"column":7}},"130":{"start":{"line":131,"column":0},"end":{"line":131,"column":82}},"131":{"start":{"line":132,"column":0},"end":{"line":132,"column":19}},"132":{"start":{"line":133,"column":0},"end":{"line":133,"column":63}},"133":{"start":{"line":134,"column":0},"end":{"line":134,"column":3}},"134":{"start":{"line":135,"column":0},"end":{"line":135,"column":2}},"139":{"start":{"line":140,"column":0},"end":{"line":140,"column":39}},"140":{"start":{"line":141,"column":0},"end":{"line":141,"column":7}},"141":{"start":{"line":142,"column":0},"end":{"line":142,"column":72}},"142":{"start":{"line":143,"column":0},"end":{"line":143,"column":19}},"143":{"start":{"line":144,"column":0},"end":{"line":144,"column":62}},"144":{"start":{"line":145,"column":0},"end":{"line":145,"column":3}},"145":{"start":{"line":146,"column":0},"end":{"line":146,"column":2}},"147":{"start":{"line":148,"column":0},"end":{"line":148,"column":42}},"148":{"start":{"line":149,"column":0},"end":{"line":149,"column":7}},"149":{"start":{"line":150,"column":0},"end":{"line":150,"column":51}},"150":{"start":{"line":151,"column":0},"end":{"line":151,"column":22}},"151":{"start":{"line":152,"column":0},"end":{"line":152,"column":62}},"152":{"start":{"line":153,"column":0},"end":{"line":153,"column":4}},"153":{"start":{"line":154,"column":0},"end":{"line":154,"column":38}},"155":{"start":{"line":156,"column":0},"end":{"line":156,"column":22}},"156":{"start":{"line":157,"column":0},"end":{"line":157,"column":11}},"157":{"start":{"line":158,"column":0},"end":{"line":158,"column":16}},"158":{"start":{"line":159,"column":0},"end":{"line":159,"column":27}},"159":{"start":{"line":160,"column":0},"end":{"line":160,"column":20}},"160":{"start":{"line":161,"column":0},"end":{"line":161,"column":103}},"161":{"start":{"line":162,"column":0},"end":{"line":162,"column":13}},"162":{"start":{"line":163,"column":0},"end":{"line":163,"column":11}},"163":{"start":{"line":164,"column":0},"end":{"line":164,"column":37}},"164":{"start":{"line":165,"column":0},"end":{"line":165,"column":19}},"165":{"start":{"line":166,"column":0},"end":{"line":166,"column":14}},"166":{"start":{"line":167,"column":0},"end":{"line":167,"column":15}},"167":{"start":{"line":168,"column":0},"end":{"line":168,"column":37}},"168":{"start":{"line":169,"column":0},"end":{"line":169,"column":29}},"169":{"start":{"line":170,"column":0},"end":{"line":170,"column":7}},"170":{"start":{"line":171,"column":0},"end":{"line":171,"column":7}},"172":{"start":{"line":173,"column":0},"end":{"line":173,"column":23}},"173":{"start":{"line":174,"column":0},"end":{"line":174,"column":17}},"174":{"start":{"line":175,"column":0},"end":{"line":175,"column":19}},"175":{"start":{"line":176,"column":0},"end":{"line":176,"column":39}},"176":{"start":{"line":177,"column":0},"end":{"line":177,"column":22}},"177":{"start":{"line":178,"column":0},"end":{"line":178,"column":3}},"178":{"start":{"line":179,"column":0},"end":{"line":179,"column":2}},"180":{"start":{"line":181,"column":0},"end":{"line":181,"column":33}},"181":{"start":{"line":182,"column":0},"end":{"line":182,"column":36}},"182":{"start":{"line":183,"column":0},"end":{"line":183,"column":35}},"183":{"start":{"line":184,"column":0},"end":{"line":184,"column":67}},"184":{"start":{"line":185,"column":0},"end":{"line":185,"column":5}},"185":{"start":{"line":186,"column":0},"end":{"line":186,"column":36}},"186":{"start":{"line":187,"column":0},"end":{"line":187,"column":2}},"188":{"start":{"line":189,"column":0},"end":{"line":189,"column":31}},"189":{"start":{"line":190,"column":0},"end":{"line":190,"column":28}},"192":{"start":{"line":193,"column":0},"end":{"line":193,"column":35}},"193":{"start":{"line":194,"column":0},"end":{"line":194,"column":38}},"194":{"start":{"line":195,"column":0},"end":{"line":195,"column":65}},"195":{"start":{"line":196,"column":0},"end":{"line":196,"column":80}},"196":{"start":{"line":197,"column":0},"end":{"line":197,"column":6}},"197":{"start":{"line":198,"column":0},"end":{"line":198,"column":3}},"200":{"start":{"line":201,"column":0},"end":{"line":201,"column":42}},"201":{"start":{"line":202,"column":0},"end":{"line":202,"column":82}},"202":{"start":{"line":203,"column":0},"end":{"line":203,"column":3}},"205":{"start":{"line":206,"column":0},"end":{"line":206,"column":32}},"206":{"start":{"line":207,"column":0},"end":{"line":207,"column":48}},"207":{"start":{"line":208,"column":0},"end":{"line":208,"column":34}},"208":{"start":{"line":209,"column":0},"end":{"line":209,"column":55}},"209":{"start":{"line":210,"column":0},"end":{"line":210,"column":50}},"210":{"start":{"line":211,"column":0},"end":{"line":211,"column":48}},"211":{"start":{"line":212,"column":0},"end":{"line":212,"column":44}},"212":{"start":{"line":213,"column":0},"end":{"line":213,"column":5}},"213":{"start":{"line":214,"column":0},"end":{"line":214,"column":3}},"216":{"start":{"line":217,"column":0},"end":{"line":217,"column":50}},"217":{"start":{"line":218,"column":0},"end":{"line":218,"column":2}},"219":{"start":{"line":220,"column":0},"end":{"line":220,"column":67}},"220":{"start":{"line":221,"column":0},"end":{"line":221,"column":30}},"221":{"start":{"line":222,"column":0},"end":{"line":222,"column":25}},"222":{"start":{"line":223,"column":0},"end":{"line":223,"column":25}},"224":{"start":{"line":225,"column":0},"end":{"line":225,"column":29}},"225":{"start":{"line":226,"column":0},"end":{"line":226,"column":24}},"226":{"start":{"line":227,"column":0},"end":{"line":227,"column":66}},"227":{"start":{"line":228,"column":0},"end":{"line":228,"column":11}},"228":{"start":{"line":229,"column":0},"end":{"line":229,"column":19}},"229":{"start":{"line":230,"column":0},"end":{"line":230,"column":56}},"230":{"start":{"line":231,"column":0},"end":{"line":231,"column":11}},"231":{"start":{"line":232,"column":0},"end":{"line":232,"column":20}},"232":{"start":{"line":233,"column":0},"end":{"line":233,"column":58}},"233":{"start":{"line":234,"column":0},"end":{"line":234,"column":11}},"234":{"start":{"line":235,"column":0},"end":{"line":235,"column":21}},"235":{"start":{"line":236,"column":0},"end":{"line":236,"column":47}},"236":{"start":{"line":237,"column":0},"end":{"line":237,"column":11}},"237":{"start":{"line":238,"column":0},"end":{"line":238,"column":16}},"238":{"start":{"line":239,"column":0},"end":{"line":239,"column":50}},"239":{"start":{"line":240,"column":0},"end":{"line":240,"column":11}},"240":{"start":{"line":241,"column":0},"end":{"line":241,"column":4}},"242":{"start":{"line":243,"column":0},"end":{"line":243,"column":72}},"243":{"start":{"line":244,"column":0},"end":{"line":244,"column":5}},"245":{"start":{"line":246,"column":0},"end":{"line":246,"column":16}},"246":{"start":{"line":247,"column":0},"end":{"line":247,"column":2}},"248":{"start":{"line":249,"column":0},"end":{"line":249,"column":47}},"249":{"start":{"line":250,"column":0},"end":{"line":250,"column":35}},"251":{"start":{"line":252,"column":0},"end":{"line":252,"column":70}},"252":{"start":{"line":253,"column":0},"end":{"line":253,"column":10}},"254":{"start":{"line":255,"column":0},"end":{"line":255,"column":28}},"255":{"start":{"line":256,"column":0},"end":{"line":256,"column":30}},"256":{"start":{"line":257,"column":0},"end":{"line":257,"column":3}},"257":{"start":{"line":258,"column":0},"end":{"line":258,"column":22}},"258":{"start":{"line":259,"column":0},"end":{"line":259,"column":16}},"259":{"start":{"line":260,"column":0},"end":{"line":260,"column":2}},"261":{"start":{"line":262,"column":0},"end":{"line":262,"column":39}},"262":{"start":{"line":263,"column":0},"end":{"line":263,"column":35}},"263":{"start":{"line":264,"column":0},"end":{"line":264,"column":33}},"264":{"start":{"line":265,"column":0},"end":{"line":265,"column":10}},"265":{"start":{"line":266,"column":0},"end":{"line":266,"column":30}},"266":{"start":{"line":267,"column":0},"end":{"line":267,"column":3}},"267":{"start":{"line":268,"column":0},"end":{"line":268,"column":22}},"268":{"start":{"line":269,"column":0},"end":{"line":269,"column":21}},"269":{"start":{"line":270,"column":0},"end":{"line":270,"column":16}},"270":{"start":{"line":271,"column":0},"end":{"line":271,"column":2}},"272":{"start":{"line":273,"column":0},"end":{"line":273,"column":46}},"273":{"start":{"line":274,"column":0},"end":{"line":274,"column":43}},"274":{"start":{"line":275,"column":0},"end":{"line":275,"column":41}},"275":{"start":{"line":276,"column":0},"end":{"line":276,"column":10}},"276":{"start":{"line":277,"column":0},"end":{"line":277,"column":38}},"277":{"start":{"line":278,"column":0},"end":{"line":278,"column":3}},"278":{"start":{"line":279,"column":0},"end":{"line":279,"column":22}},"279":{"start":{"line":280,"column":0},"end":{"line":280,"column":21}},"280":{"start":{"line":281,"column":0},"end":{"line":281,"column":16}},"281":{"start":{"line":282,"column":0},"end":{"line":282,"column":2}},"283":{"start":{"line":284,"column":0},"end":{"line":284,"column":39}},"284":{"start":{"line":285,"column":0},"end":{"line":285,"column":41}},"286":{"start":{"line":287,"column":0},"end":{"line":287,"column":67}},"287":{"start":{"line":288,"column":0},"end":{"line":288,"column":36}},"288":{"start":{"line":289,"column":0},"end":{"line":289,"column":10}},"289":{"start":{"line":290,"column":0},"end":{"line":290,"column":64}},"290":{"start":{"line":291,"column":0},"end":{"line":291,"column":3}},"291":{"start":{"line":292,"column":0},"end":{"line":292,"column":22}},"292":{"start":{"line":293,"column":0},"end":{"line":293,"column":21}},"293":{"start":{"line":294,"column":0},"end":{"line":294,"column":16}},"294":{"start":{"line":295,"column":0},"end":{"line":295,"column":2}},"296":{"start":{"line":297,"column":0},"end":{"line":297,"column":36}},"297":{"start":{"line":298,"column":0},"end":{"line":298,"column":67}},"298":{"start":{"line":299,"column":0},"end":{"line":299,"column":16}},"299":{"start":{"line":300,"column":0},"end":{"line":300,"column":2}},"301":{"start":{"line":302,"column":0},"end":{"line":302,"column":55}},"303":{"start":{"line":304,"column":0},"end":{"line":304,"column":66}},"304":{"start":{"line":305,"column":0},"end":{"line":305,"column":15}},"305":{"start":{"line":306,"column":0},"end":{"line":306,"column":2}},"307":{"start":{"line":308,"column":0},"end":{"line":308,"column":51}},"309":{"start":{"line":310,"column":0},"end":{"line":310,"column":52}},"310":{"start":{"line":311,"column":0},"end":{"line":311,"column":21}},"311":{"start":{"line":312,"column":0},"end":{"line":312,"column":60}},"312":{"start":{"line":313,"column":0},"end":{"line":313,"column":3}},"313":{"start":{"line":314,"column":0},"end":{"line":314,"column":14}},"314":{"start":{"line":315,"column":0},"end":{"line":315,"column":2}},"316":{"start":{"line":317,"column":0},"end":{"line":317,"column":37}},"317":{"start":{"line":318,"column":0},"end":{"line":318,"column":44}},"318":{"start":{"line":319,"column":0},"end":{"line":319,"column":50}},"319":{"start":{"line":320,"column":0},"end":{"line":320,"column":44}},"320":{"start":{"line":321,"column":0},"end":{"line":321,"column":11}},"321":{"start":{"line":322,"column":0},"end":{"line":322,"column":48}},"322":{"start":{"line":323,"column":0},"end":{"line":323,"column":42}},"323":{"start":{"line":324,"column":0},"end":{"line":324,"column":11}},"325":{"start":{"line":326,"column":0},"end":{"line":326,"column":58}},"326":{"start":{"line":327,"column":0},"end":{"line":327,"column":2}},"328":{"start":{"line":329,"column":0},"end":{"line":329,"column":66}},"329":{"start":{"line":330,"column":0},"end":{"line":330,"column":30}},"330":{"start":{"line":331,"column":0},"end":{"line":331,"column":49}},"331":{"start":{"line":332,"column":0},"end":{"line":332,"column":49}},"332":{"start":{"line":333,"column":0},"end":{"line":333,"column":59}},"333":{"start":{"line":334,"column":0},"end":{"line":334,"column":3}},"334":{"start":{"line":335,"column":0},"end":{"line":335,"column":18}},"335":{"start":{"line":336,"column":0},"end":{"line":336,"column":2}},"337":{"start":{"line":338,"column":0},"end":{"line":338,"column":32}},"338":{"start":{"line":339,"column":0},"end":{"line":339,"column":24}},"340":{"start":{"line":341,"column":0},"end":{"line":341,"column":55}},"341":{"start":{"line":342,"column":0},"end":{"line":342,"column":45}},"342":{"start":{"line":343,"column":0},"end":{"line":343,"column":5}},"343":{"start":{"line":344,"column":0},"end":{"line":344,"column":10}},"345":{"start":{"line":346,"column":0},"end":{"line":346,"column":63}},"346":{"start":{"line":347,"column":0},"end":{"line":347,"column":3}},"348":{"start":{"line":349,"column":0},"end":{"line":349,"column":24}},"349":{"start":{"line":350,"column":0},"end":{"line":350,"column":25}},"350":{"start":{"line":351,"column":0},"end":{"line":351,"column":25}},"351":{"start":{"line":352,"column":0},"end":{"line":352,"column":16}},"352":{"start":{"line":353,"column":0},"end":{"line":353,"column":2}},"354":{"start":{"line":355,"column":0},"end":{"line":355,"column":27}},"355":{"start":{"line":356,"column":0},"end":{"line":356,"column":35}},"356":{"start":{"line":357,"column":0},"end":{"line":357,"column":16}},"357":{"start":{"line":358,"column":0},"end":{"line":358,"column":2}},"359":{"start":{"line":360,"column":0},"end":{"line":360,"column":27}},"360":{"start":{"line":361,"column":0},"end":{"line":361,"column":57}},"361":{"start":{"line":362,"column":0},"end":{"line":362,"column":23}},"362":{"start":{"line":363,"column":0},"end":{"line":363,"column":26}},"363":{"start":{"line":364,"column":0},"end":{"line":364,"column":17}},"364":{"start":{"line":365,"column":0},"end":{"line":365,"column":3}},"365":{"start":{"line":366,"column":0},"end":{"line":366,"column":2}},"367":{"start":{"line":368,"column":0},"end":{"line":368,"column":31}},"368":{"start":{"line":369,"column":0},"end":{"line":369,"column":30}},"369":{"start":{"line":370,"column":0},"end":{"line":370,"column":23}},"370":{"start":{"line":371,"column":0},"end":{"line":371,"column":26}},"371":{"start":{"line":372,"column":0},"end":{"line":372,"column":17}},"372":{"start":{"line":373,"column":0},"end":{"line":373,"column":3}},"373":{"start":{"line":374,"column":0},"end":{"line":374,"column":2}},"375":{"start":{"line":376,"column":0},"end":{"line":376,"column":30}},"376":{"start":{"line":377,"column":0},"end":{"line":377,"column":52}},"377":{"start":{"line":378,"column":0},"end":{"line":378,"column":45}},"378":{"start":{"line":379,"column":0},"end":{"line":379,"column":50}},"379":{"start":{"line":380,"column":0},"end":{"line":380,"column":22}},"382":{"start":{"line":383,"column":0},"end":{"line":383,"column":57}},"383":{"start":{"line":384,"column":0},"end":{"line":384,"column":23}},"384":{"start":{"line":385,"column":0},"end":{"line":385,"column":26}},"385":{"start":{"line":386,"column":0},"end":{"line":386,"column":3}},"386":{"start":{"line":387,"column":0},"end":{"line":387,"column":16}},"387":{"start":{"line":388,"column":0},"end":{"line":388,"column":2}},"389":{"start":{"line":390,"column":0},"end":{"line":390,"column":32}},"390":{"start":{"line":391,"column":0},"end":{"line":391,"column":52}},"391":{"start":{"line":392,"column":0},"end":{"line":392,"column":47}},"392":{"start":{"line":393,"column":0},"end":{"line":393,"column":48}},"393":{"start":{"line":394,"column":0},"end":{"line":394,"column":22}},"396":{"start":{"line":397,"column":0},"end":{"line":397,"column":57}},"397":{"start":{"line":398,"column":0},"end":{"line":398,"column":23}},"398":{"start":{"line":399,"column":0},"end":{"line":399,"column":26}},"399":{"start":{"line":400,"column":0},"end":{"line":400,"column":3}},"400":{"start":{"line":401,"column":0},"end":{"line":401,"column":16}},"401":{"start":{"line":402,"column":0},"end":{"line":402,"column":2}},"403":{"start":{"line":404,"column":0},"end":{"line":404,"column":35}},"404":{"start":{"line":405,"column":0},"end":{"line":405,"column":26}},"405":{"start":{"line":406,"column":0},"end":{"line":406,"column":25}},"406":{"start":{"line":407,"column":0},"end":{"line":407,"column":24}},"407":{"start":{"line":408,"column":0},"end":{"line":408,"column":25}},"408":{"start":{"line":409,"column":0},"end":{"line":409,"column":16}},"409":{"start":{"line":410,"column":0},"end":{"line":410,"column":2}},"411":{"start":{"line":412,"column":0},"end":{"line":412,"column":55}},"412":{"start":{"line":413,"column":0},"end":{"line":413,"column":7}},"414":{"start":{"line":415,"column":0},"end":{"line":415,"column":40}},"415":{"start":{"line":416,"column":0},"end":{"line":416,"column":35}},"416":{"start":{"line":417,"column":0},"end":{"line":417,"column":33}},"418":{"start":{"line":419,"column":0},"end":{"line":419,"column":35}},"419":{"start":{"line":420,"column":0},"end":{"line":420,"column":19}},"420":{"start":{"line":421,"column":0},"end":{"line":421,"column":5}},"421":{"start":{"line":422,"column":0},"end":{"line":422,"column":11}},"422":{"start":{"line":423,"column":0},"end":{"line":423,"column":4}},"425":{"start":{"line":426,"column":0},"end":{"line":426,"column":31}},"426":{"start":{"line":427,"column":0},"end":{"line":427,"column":35}},"427":{"start":{"line":428,"column":0},"end":{"line":428,"column":4}},"429":{"start":{"line":430,"column":0},"end":{"line":430,"column":32}},"431":{"start":{"line":432,"column":0},"end":{"line":432,"column":34}},"432":{"start":{"line":433,"column":0},"end":{"line":433,"column":18}},"433":{"start":{"line":434,"column":0},"end":{"line":434,"column":4}},"435":{"start":{"line":436,"column":0},"end":{"line":436,"column":53}},"436":{"start":{"line":437,"column":0},"end":{"line":437,"column":23}},"437":{"start":{"line":438,"column":0},"end":{"line":438,"column":58}},"438":{"start":{"line":439,"column":0},"end":{"line":439,"column":4}},"440":{"start":{"line":441,"column":0},"end":{"line":441,"column":32}},"442":{"start":{"line":443,"column":0},"end":{"line":443,"column":34}},"443":{"start":{"line":444,"column":0},"end":{"line":444,"column":18}},"444":{"start":{"line":445,"column":0},"end":{"line":445,"column":4}},"445":{"start":{"line":446,"column":0},"end":{"line":446,"column":19}},"446":{"start":{"line":447,"column":0},"end":{"line":447,"column":38}},"447":{"start":{"line":448,"column":0},"end":{"line":448,"column":32}},"449":{"start":{"line":450,"column":0},"end":{"line":450,"column":34}},"450":{"start":{"line":451,"column":0},"end":{"line":451,"column":18}},"451":{"start":{"line":452,"column":0},"end":{"line":452,"column":4}},"452":{"start":{"line":453,"column":0},"end":{"line":453,"column":3}},"453":{"start":{"line":454,"column":0},"end":{"line":454,"column":2}},"455":{"start":{"line":456,"column":0},"end":{"line":456,"column":25}},"456":{"start":{"line":457,"column":0},"end":{"line":457,"column":35}},"457":{"start":{"line":458,"column":0},"end":{"line":458,"column":27}},"458":{"start":{"line":459,"column":0},"end":{"line":459,"column":41}},"459":{"start":{"line":460,"column":0},"end":{"line":460,"column":26}},"460":{"start":{"line":461,"column":0},"end":{"line":461,"column":40}},"461":{"start":{"line":462,"column":0},"end":{"line":462,"column":25}},"462":{"start":{"line":463,"column":0},"end":{"line":463,"column":3}},"465":{"start":{"line":466,"column":0},"end":{"line":466,"column":31}},"466":{"start":{"line":467,"column":0},"end":{"line":467,"column":30}},"467":{"start":{"line":468,"column":0},"end":{"line":468,"column":3}},"468":{"start":{"line":469,"column":0},"end":{"line":469,"column":2}},"470":{"start":{"line":471,"column":0},"end":{"line":471,"column":35}},"471":{"start":{"line":472,"column":0},"end":{"line":472,"column":45}},"472":{"start":{"line":473,"column":0},"end":{"line":473,"column":19}},"474":{"start":{"line":475,"column":0},"end":{"line":475,"column":36}},"476":{"start":{"line":477,"column":0},"end":{"line":477,"column":19}},"498":{"start":{"line":499,"column":0},"end":{"line":499,"column":29}},"499":{"start":{"line":500,"column":0},"end":{"line":500,"column":96}},"500":{"start":{"line":501,"column":0},"end":{"line":501,"column":15}},"502":{"start":{"line":503,"column":0},"end":{"line":503,"column":19}},"509":{"start":{"line":510,"column":0},"end":{"line":510,"column":38}},"510":{"start":{"line":511,"column":0},"end":{"line":511,"column":107}},"511":{"start":{"line":512,"column":0},"end":{"line":512,"column":40}},"513":{"start":{"line":514,"column":0},"end":{"line":514,"column":19}},"519":{"start":{"line":520,"column":0},"end":{"line":520,"column":124}},"523":{"start":{"line":524,"column":0},"end":{"line":524,"column":40}},"531":{"start":{"line":532,"column":0},"end":{"line":532,"column":53}},"532":{"start":{"line":533,"column":0},"end":{"line":533,"column":16}},"533":{"start":{"line":534,"column":0},"end":{"line":534,"column":44}},"534":{"start":{"line":535,"column":0},"end":{"line":535,"column":35}},"535":{"start":{"line":536,"column":0},"end":{"line":536,"column":6}},"536":{"start":{"line":537,"column":0},"end":{"line":537,"column":3}},"538":{"start":{"line":539,"column":0},"end":{"line":539,"column":61}},"539":{"start":{"line":540,"column":0},"end":{"line":540,"column":20}},"540":{"start":{"line":541,"column":0},"end":{"line":541,"column":48}},"541":{"start":{"line
[...]
:292,"column":7}},"292":{"start":{"line":293,"column":0},"end":{"line":293,"column":3}},"294":{"start":{"line":295,"column":0},"end":{"line":295,"column":26}},"295":{"start":{"line":296,"column":0},"end":{"line":296,"column":47}},"296":{"start":{"line":297,"column":0},"end":{"line":297,"column":21}},"298":{"start":{"line":299,"column":0},"end":{"line":299,"column":39}},"300":{"start":{"line":301,"column":0},"end":{"line":301,"column":21}},"316":{"start":{"line":317,"column":0},"end":{"line":317,"column":104}},"317":{"start":{"line":318,"column":0},"end":{"line":318,"column":117}},"324":{"start":{"line":325,"column":0},"end":{"line":325,"column":118}},"330":{"start":{"line":331,"column":0},"end":{"line":331,"column":93}},"380":{"start":{"line":381,"column":0},"end":{"line":381,"column":3}},"385":{"start":{"line":386,"column":0},"end":{"line":386,"column":19}},"387":{"start":{"line":388,"column":0},"end":{"line":388,"column":23}},"392":{"start":{"line":393,"column":0},"end":{"line":393,"column":42}},"393":{"start":{"line":394,"column":0},"end":{"line":394,"column":3}},"394":{"start":{"line":395,"column":0},"end":{"line":395,"column":1}}},"s":{"4":1,"5":1,"6":1,"8":1,"10":1,"12":1,"13":1,"14":1,"15":1,"16":1,"17":1,"19":1,"20":23,"21":23,"22":23,"23":23,"24":23,"25":23,"26":23,"27":23,"28":23,"29":23,"30":23,"32":1,"33":68,"34":68,"35":68,"36":68,"37":68,"38":68,"39":68,"40":68,"42":1,"43":95,"44":27,"45":27,"46":27,"47":95,"48":27,"49":27,"50":27,"51":95,"53":1,"54":34,"55":34,"57":34,"58":9,"59":9,"60":9,"61":9,"62":9,"63":34,"65":34,"66":1,"67":0,"68":0,"69":0,"70":1,"71":1,"72":1,"73":1,"74":34,"75":34,"77":1,"78":36,"80":35,"81":35,"82":35,"84":35,"86":35,"87":35,"88":35,"89":35,"90":36,"92":1,"93":35,"95":34,"96":34,"98":34,"100":34,"101":35,"102":35,"103":35,"104":35,"106":35,"107":35,"108":34,"109":34,"110":35,"112":1,"113":45,"114":45,"115":19,"116":19,"117":45,"118":34,"119":34,"120":34,"122":45,"123":45,"124":45,"125":45,"127":45,"128":45,"130":1,"131":45,"132":45,"134":45,"135":45,"136":45,"137":45,"138":45,"140":1,"141":1,"142":1,"143":1,"144":1,"145":1,"147":1,"149":23,"150":23,"151":23,"152":23,"153":23,"154":0,"155":0,"156":0,"157":23,"159":23,"160":0,"161":0,"162":23,"163":23,"164":0,"165":0,"166":23,"167":23,"170":23,"171":23,"172":23,"173":23,"176":23,"177":23,"178":23,"179":0,"180":23,"181":23,"184":23,"185":31,"186":8,"188":8,"189":8,"190":8,"191":8,"192":23,"194":23,"195":31,"197":8,"198":8,"199":8,"200":8,"201":23,"202":23,"204":1,"205":23,"206":23,"207":23,"208":23,"210":23,"211":23,"212":2,"213":23,"214":23,"216":23,"217":23,"218":0,"219":23,"220":23,"222":23,"223":23,"224":1,"225":1,"226":23,"227":23,"230":23,"231":23,"232":1,"233":0,"234":0,"235":23,"236":23,"237":23,"239":1,"240":2,"242":2,"243":2,"244":2,"245":2,"247":2,"248":2,"249":2,"250":2,"252":2,"253":2,"254":2,"255":2,"258":2,"259":2,"260":0,"261":0,"262":0,"263":2,"264":0,"265":0,"266":0,"267":2,"268":2,"270":1,"271":1,"272":1,"273":1,"275":1,"276":1,"277":1,"278":1,"279":1,"280":1,"281":1,"282":1,"283":1,"286":1,"287":1,"288":1,"289":1,"290":1,"291":1,"292":1,"294":1,"295":23,"296":23,"298":23,"300":23,"316":23,"317":23,"324":23,"330":23,"380":23,"385":1,"387":25,"392":25,"393":25,"394":1},"branchMap":{"0":{"type":"branch","line":20,"loc":{"start":{"line":20,"column":2},"end":{"line":31,"column":3}},"locations":[{"start":{"line":20,"column":2},"end":{"line":31,"column":3}}]},"1":{"type":"branch","line":33,"loc":{"start":{"line":33,"column":10},"end":{"line":41,"column":3}},"locations":[{"start":{"line":33,"column":10},"end":{"line":41,"column":3}}]},"2":{"type":"branch","line":43,"loc":{"start":{"line":43,"column":10},"end":{"line":52,"column":3}},"locations":[{"start":{"line":43,"column":10},"end":{"line":52,"column":3}}]},"3":{"type":"branch","line":44,"loc":{"start":{"line":44,"column":33},"end":{"line":47,"column":5}},"locations":[{"start":{"line":44,"column":33},"end":{"line":47,"column":5}}]},"4":{"type":"branch","line":48,"loc":{"start":{"line":48,"column":33},"end":{"line":51,"column":5}},"locations":[{"start":{"line":48,"column":33},"end":{"line":51,"column":5}}]},"5":{"type":"branch","line":54,"loc":{"start":{"line":54,"column":10},"end":{"line":76,"column":3}},"locations":[{"start":{"line":54,"column":10},"end":{"line":76,"column":3}}]},"6":{"type":"branch","line":58,"loc":{"start":{"line":58,"column":39},"end":{"line":64,"column":7}},"locations":[{"start":{"line":58,"column":39},"end":{"line":64,"column":7}}]},"7":{"type":"branch","line":66,"loc":{"start":{"line":66,"column":39},"end":{"line":75,"column":7}},"locations":[{"start":{"line":66,"column":39},"end":{"line":75,"column":7}}]},"8":{"type":"branch","line":67,"loc":{"start":{"line":67,"column":25},"end":{"line":70,"column":7}},"locations":[{"start":{"line":67,"column":25},"end":{"line":70,"column":7}}]},"9":{"type":"branch","line":78,"loc":{"start":{"line":78,"column":10},"end":{"line":91,"column":3}},"locations":[{"start":{"line":78,"column":10},"end":{"line":91,"column":3}}]},"10":{"type":"branch","line":79,"loc":{"start":{"line":79,"column":22},"end":{"line":79,"column":29}},"locations":[{"start":{"line":79,"column":22},"end":{"line":79,"column":29}}]},"11":{"type":"branch","line":79,"loc":{"start":{"line":79,"column":22},"end":{"line":90,"column":5}},"locations":[{"start":{"line":79,"column":22},"end":{"line":90,"column":5}}]},"12":{"type":"branch","line":93,"loc":{"start":{"line":93,"column":10},"end":{"line":111,"column":3}},"locations":[{"start":{"line":93,"column":10},"end":{"line":111,"column":3}}]},"13":{"type":"branch","line":94,"loc":{"start":{"line":94,"column":23},"end":{"line":94,"column":30}},"locations":[{"start":{"line":94,"column":23},"end":{"line":94,"column":30}}]},"14":{"type":"branch","line":94,"loc":{"start":{"line":94,"column":23},"end":{"line":102,"column":45}},"locations":[{"start":{"line":94,"column":23},"end":{"line":102,"column":45}}]},"15":{"type":"branch","line":102,"loc":{"start":{"line":102,"column":38},"end":{"line":102,"column":51}},"locations":[{"start":{"line":102,"column":38},"end":{"line":102,"column":51}}]},"16":{"type":"branch","line":102,"loc":{"start":{"line":102,"column":45},"end":{"line":102,"column":55}},"locations":[{"start":{"line":102,"column":45},"end":{"line":102,"column":55}}]},"17":{"type":"branch","line":108,"loc":{"start":{"line":108,"column":20},"end":{"line":110,"column":5}},"locations":[{"start":{"line":108,"column":20},"end":{"line":110,"column":5}}]},"18":{"type":"branch","line":113,"loc":{"start":{"line":113,"column":10},"end":{"line":129,"column":3}},"locations":[{"start":{"line":113,"column":10},"end":{"line":129,"column":3}}]},"19":{"type":"branch","line":115,"loc":{"start":{"line":115,"column":21},"end":{"line":117,"column":5}},"locations":[{"start":{"line":115,"column":21},"end":{"line":117,"column":5}}]},"20":{"type":"branch","line":118,"loc":{"start":{"line":118,"column":23},"end":{"line":121,"column":5}},"locations":[{"start":{"line":118,"column":23},"end":{"line":121,"column":5}}]},"21":{"type":"branch","line":119,"loc":{"start":{"line":119,"column":19},"end":{"line":119,"column":34}},"locations":[{"start":{"line":119,"column":19},"end":{"line":119,"column":34}}]},"22":{"type":"branch","line":125,"loc":{"start":{"line":125,"column":33},"end":{"line":125,"column":58}},"locations":[{"start":{"line":125,"column":33},"end":{"line":125,"column":58}}]},"23":{"type":"branch","line":131,"loc":{"start":{"line":131,"column":10},"end":{"line":139,"column":3}},"locations":[{"start":{"line":131,"column":10},"end":{"line":139,"column":3}}]},"24":{"type":"branch","line":137,"loc":{"start":{"line":137,"column":34},"end":{"line":137,"column":55}},"locations":[{"start":{"line":137,"column":34},"end":{"line":137,"column":55}}]},"25":{"type":"branch","line":141,"loc":{"start":{"line":141,"column":10},"end":{"line":146,"column":3}},"locations":[{"start":{"line":141,"column":10},"end":{"line":146,"column":3}}]},"26":{"type":"branch","line":148,"loc":{"start":{"line":148,"column":10},"end":{"line":203,"column":3}},"locations":[{"start":{"line":148,"column":10},"end":{"line":203,"column":3}}]},"27":{"type":"branch","line":152,"loc":{"start":{"line":152,"column":45},"end":{"line":152,"column":67}},"locations":[{"start":{"line":152,"column":45},"end":{"line":152,"column":67}}]},"28":{"type":"branch","line":153,"loc":{"start":{"line":153,"column":43},"end":{"line":153,"column":63}},"locations":[{"start":{"line":153,"column":43},"end":{"line":153,"column":63}}]},"29":{"type":"branch","line":173,"loc":{"start":{"line":173,"column":41},"end":{"line":173,"column":59}},"locations":[{"start":{"line":173,"column":41},"end":{"line":173,"column":59}}]},"30":{"type":"branch","line":185,"loc":{"start":{"line":185,"column":41},"end":{"line":193,"column":5}},"locations":[{"start":{"line":185,"column":41},"end":{"line":193,"column":5}}]},"31":{"type":"branch","line":186,"loc":{"start":{"line":186,"column":48},"end":{"line":186,"column":109}},"locations":[{"start":{"line":186,"column":48},"end":{"line":186,"column":109}}]},"32":{"type":"branch","line":186,"loc":{"start":{"line":186,"column":109},"end":{"line":186,"column":116}},"locations":[{"start":{"line":186,"column":109},"end":{"line":186,"column":116}}]},"33":{"type":"branch","line":186,"loc":{"start":{"line":186,"column":109},"end":{"line":187,"column":27}},"locations":[{"start":{"line":186,"column":109},"end":{"line":187,"column":27}}]},"34":{"type":"branch","line":187,"loc":{"start":{"line":187,"column":20},"end":{"line":187,"column":27}},"locations":[{"start":{"line":187,"column":20},"end":{"line":187,"column":27}}]},"35":{"type":"branch","line":187,"loc":{"start":{"line":187,"column":20},"end":{"line":192,"column":7}},"locations":[{"start":{"line":187,"column":20},"end":{"line":192,"column":7}}]},"36":{"type":"branch","line":195,"loc":{"start":{"line":195,"column":39},"end":{"line":202,"column":5}},"locations":[{"start":{"line":195,"column":39},"end":{"line":202,"column":5}}]},"37":{"type":"branch","line":196,"loc":{"start":{"line":196,"column":48},"end":{"line":196,"column":109}},"locations":[{"start":{"line":196,"column":48},"end":{"line":196,"column":109}}]},"38":{"type":"branch","line":196,"loc":{"start":{"line":196,"column":109},"end":{"line":196,"column":116}},"locations":[{"start":{"line":196,"column":109},"end":{"line":196,"column":116}}]},"39":{"type":"branch","line":196,"loc":{"start":{"line":196,"column":109},"end":{"line":201,"column":7}},"locations":[{"start":{"line":196,"column":109},"end":{"line":201,"column":7}}]},"40":{"type":"branch","line":205,"loc":{"start":{"line":205,"column":10},"end":{"line":238,"column":3}},"locations":[{"start":{"line":205,"column":10},"end":{"line":238,"column":3}}]},"41":{"type":"branch","line":212,"loc":{"start":{"line":212,"column":45},"end":{"line":214,"column":7}},"locations":[{"start":{"line":212,"column":45},"end":{"line":214,"column":7}}]},"42":{"type":"branch","line":224,"loc":{"start":{"line":224,"column":43},"end":{"line":227,"column":7}},"locations":[{"start":{"line":224,"column":43},"end":{"line":227,"column":7}}]},"43":{"type":"branch","line":232,"loc":{"start":{"line":232,"column":46},"end":{"line":236,"column":7}},"locations":[{"start":{"line":232,"column":46},"end":{"line":236,"column":7}}]},"44":{"type":"branch","line":233,"loc":{"start":{"line":233,"column":40},"end":{"line":235,"column":9}},"locations":[{"start":{"line":233,"column":40},"end":{"line":235,"column":9}}]},"45":{"type":"branch","line":240,"loc":{"start":{"line":240,"column":10},"end":{"line":269,"column":3}},"locations":[{"start":{"line":240,"column":10},"end":{"line":269,"column":3}}]},"46":{"type":"branch","line":271,"loc":{"start":{"line":271,"column":10},"end":{"line":293,"column":3}},"locations":[{"start":{"line":271,"column":10},"end":{"line":293,"column":3}}]},"47":{"type":"branch","line":295,"loc":{"start":{"line":295,"column":10},"end":{"line":381,"column":3}},"locations":[{"start":{"line":295,"column":10},"end":{"line":381,"column":3}}]},"48":{"type":"branch","line":297,"loc":{"start":{"line":297,"column":14},"end":{"line":297,"column":21}},"locations":[{"start":{"line":297,"column":14},"end":{"line":297,"column":21}}]},"49":{"type":"branch","line":386,"loc":{"start":{"line":386,"column":2},"end":{"line":394,"column":3}},"locations":[{"start":{"line":386,"column":2},"end":{"line":394,"column":3}}]}},"b":{"0":[23],"1":[68],"2":[95],"3":[27],"4":[27],"5":[34],"6":[9],"7":[1],"8":[0],"9":[36],"10":[1],"11":[35],"12":[35],"13":[1],"14":[34],"15":[27],"16":[7],"17":[34],"18":[45],"19":[19],"20":[34],"21":[9],"22":[1],"23":[45],"24":[26],"25":[1],"26":[23],"27":[28],"28":[27],"29":[1],"30":[31],"31":[8],"32":[23],"33":[8],"34":[0],"35":[8],"36":[31],"37":[8],"38":[23],"39":[8],"40":[23],"41":[2],"42":[1],"43":[1],"44":[0],"45":[2],"46":[1],"47":[23],"48":[0],"49":[25]},"fnMap":{"0":{"name":"VerticalKeyTrainer","decl":{"start":{"line":20,"column":2},"end":{"line":31,"column":3}},"loc":{"start":{"line":20,"column":2},"end":{"line":31,"column":3}},"line":20},"1":{"name":"getTimings","decl":{"start":{"line":33,"column":10},"end":{"line":41,"column":3}},"loc":{"start":{"line":33,"column":10},"end":{"line":41,"column":3}},"line":33},"2":{"name":"clearTimers","decl":{"start":{"line":43,"column":10},"end":{"line":52,"column":3}},"loc":{"start":{"line":43,"column":10},"end":{"line":52,"column":3}},"line":43},"3":{"name":"setTimers","decl":{"start":{"line":54,"column":10},"end":{"line":76,"column":3}},"loc":{"start":{"line":54,"column":10},"end":{"line":76,"column":3}},"line":54},"4":{"name":"onKeyDown","decl":{"start":{"line":78,"column":10},"end":{"line":91,"column":3}},"loc":{"start":{"line":78,"column":10},"end":{"line":91,"column":3}},"line":78},"5":{"name":"onKeyUp","decl":{"start":{"line":93,"column":10},"end":{"line":111,"column":3}},"loc":{"start":{"line":93,"column":10},"end":{"line":111,"column":3}},"line":93},"6":{"name":"updateDisplay","decl":{"start":{"line":113,"column":10},"end":{"line":129,"column":3}},"loc":{"start":{"line":113,"column":10},"end":{"line":129,"column":3}},"line":113},"7":{"name":"updateDecoded","decl":{"start":{"line":131,"column":10},"end":{"line":139,"column":3}},"loc":{"start":{"line":131,"column":10},"end":{"line":139,"column":3}},"line":131},"8":{"name":"clear","decl":{"start":{"line":141,"column":10},"end":{"line":146,"column":3}},"loc":{"start":{"line":141,"column":10},"end":{"line":146,"column":3}},"line":141},"9":{"name":"setupEventListeners","decl":{"start":{"line":148,"column":10},"end":{"line":203,"column":3}},"loc":{"start":{"line":148,"column":10},"end":{"line":203,"column":3}},"line":148},"10":{"name":"setupSettingsModal","decl":{"start":{"line":205,"column":10},"end":{"line":238,"column":3}},"loc":{"start":{"line":205,"column":10},"end":{"line":238,"column":3}},"line":205},"11":{"name":"openSettingsModal","decl":{"start":{"line":240,"column":10},"end":{"line":269,"column":3}},"loc":{"start":{"line":240,"column":10},"end":{"line":269,"column":3}},"line":240},"12":{"name":"volumeRange.oninput","decl":{"start":{"line":260,"column":28},"end":{"line":263,"column":8}},"loc":{"start":{"line":260,"column":28},"end":{"line":263,"column":8}},"line":260},"13":{"name":"volumeInput.oninput","decl":{"start":{"line":264,"column":28},"end":{"line":267,"column":8}},"loc":{"start":{"line":264,"column":28},"end":{"line":267,"column":8}},"line":264},"14":{"name":"applySettings","decl":{"start":{"line":271,"column":10},"end":{"line":293,"column":3}},"loc":{"start":{"line":271,"column":10},"end":{"line":293,"column":3}},"line":271},"15":{"name":"render","decl":{"start":{"line":295,"column":10},"end":{"line":381,"column":3}},"loc":{"start":{"line":295,"column":10},"end":{"line":381,"column":3}},"line":295},"16":{"name":"destroy","decl":{"start":{"line":386,"column":2},"end":{"line":394,"column":3}},"loc":{"start":{"line":386,"column":2},"end":{"line":394,"column":3}},"line":386}},"f":{"0":23,"1":68,"2":95,"3":34,"4":36,"5":35,"6":45,"7":45,"8":1,"9":23,"10":23,"11":2,"12":0,"13":0,"14":1,"15":23,"16":25}}
,"/home/y-hayasaki/work/morse/v9/src/scripts/postbuild.cjs": {"path":"/home/y-hayasaki/work/morse/v9/src/scripts/postbuild.cjs","all":true,"statementMap":{"0":{"start":{"line":1,"column":0},"end":{"line":1,"column":25}},"1":{"start":{"line":2,"column":0},"end":{"line":2,"column":29}},"3":{"start":{"line":4,"column":0},"end":{"line":4,"column":8}},"4":{"start":{"line":5,"column":0},"end":{"line":5,"column":41}},"5":{"start":{"line":6,"column":0},"end":{"line":6,"column":72}},"6":{"start":{"line":7,"column":0},"end":{"line":7,"column":68}},"7":{"start":{"line":8,"column":0},"end":{"line":8,"column":42}},"8":{"start":{"line":9,"column":0},"end":{"line":9,"column":60}},"10":{"start":{"line":11,"column":0},"end":{"line":11,"column":34}},"11":{"start":{"line":12,"column":0},"end":{"line":12,"column":40}},"12":{"start":{"line":13,"column":0},"end":{"line":13,"column":56}},"13":{"start":{"line":14,"column":0},"end":{"line":14,"column":29}},"14":{"start":{"line":15,"column":0},"end":{"line":15,"column":14}},"15":{"start":{"line":16,"column":0},"end":{"line":16,"column":1}},"17":{"start":{"line":18,"column":0},"end":{"line":18,"column":5}},"18":{"start":{"line":19,"column":0},"end":{"line":19,"column":63}},"19":{"start":{"line":20,"column":0},"end":{"line":20,"column":17}},"20":{"start":{"line":21,"column":0},"end":{"line":21,"column":42}},"21":{"start":{"line":22,"column":0},"end":{"line":22,"column":49}},"22":{"start":{"line":23,"column":0},"end":{"line":23,"column":53}},"23":{"start":{"line":24,"column":0},"end":{"line":24,"column":51}},"24":{"start":{"line":25,"column":0},"end":{"line":25,"column":41}},"25":{"start":{"line":26,"column":0},"end":{"line":26,"column":4}},"27":{"start":{"line":28,"column":0},"end":{"line":28,"column":29}},"28":{"start":{"line":29,"column":0},"end":{"line":29,"column":63}},"29":{"start":{"line":30,"column":0},"end":{"line":30,"column":55}},"31":{"start":{"line":32,"column":0},"end":{"line":32,"column":42}},"32":{"start":{"line":33,"column":0},"end":{"line":33,"column":54}},"33":{"start":{"line":34,"column":0},"end":{"line":34,"column":12}},"34":{"start":{"line":35,"column":0},"end":{"line":35,"column":57}},"35":{"start":{"line":36,"column":0},"end":{"line":36,"column":5}},"36":{"start":{"line":37,"column":0},"end":{"line":37,"column":3}},"38":{"start":{"line":39,"column":0},"end":{"line":39,"column":45}},"39":{"start":{"line":40,"column":0},"end":{"line":40,"column":54}},"40":{"start":{"line":41,"column":0},"end":{"line":41,"column":56}},"41":{"start":{"line":42,"column":0},"end":{"line":42,"column":38}},"42":{"start":{"line":43,"column":0},"end":{"line":43,"column":50}},"43":{"start":{"line":44,"column":0},"end":{"line":44,"column":10}},"44":{"start":{"line":45,"column":0},"end":{"line":45,"column":55}},"45":{"start":{"line":46,"column":0},"end":{"line":46,"column":3}},"47":{"start":{"line":48,"column":0},"end":{"line":48,"column":18}},"48":{"start":{"line":49,"column":0},"end":{"line":49,"column":15}},"49":{"start":{"line":50,"column":0},"end":{"line":50,"column":41}},"50":{"start":{"line":51,"column":0},"end":{"line":51,"column":18}},"51":{"start":{"line":52,"column":0},"end":{"line":52,"column":1}}},"s":{"0":0,"1":0,"3":0,"4":0,"5":0,"6":0,"7":0,"8":0,"10":0,"11":0,"12":0,"13":0,"14":0,"15":0,"17":0,"18":0,"19":0,"20":0,"21":0,"22":0,"23":0,"24":0,"25":0,"27":0,"28":0,"29":0,"31":0,"32":0,"33":0,"34":0,"35":0,"36":0,"38":0,"39":0,"40":0,"41":0,"42":0,"43":0,"44":0,"45":0,"47":0,"48":0,"49":0,"50":0,"51":0},"branchMap":{"0":{"type":"branch","line":1,"loc":{"start":{"line":1,"column":0},"end":{"line":52,"column":1}},"locations":[{"start":{"line":1,"column":0},"end":{"line":52,"column":1}}]}},"b":{"0":[0]},"fnMap":{"0":{"name":"(empty-report)","decl":{"start":{"line":1,"column":0},"end":{"line":52,"column":1}},"loc":{"start":{"line":1,"column":0},"end":{"line":52,"column":1}},"line":1}},"f":{"0":0}}
}
